{"total": {"lines":{"total":417,"covered":402,"skipped":0,"pct":96.4},"statements":{"total":435,"covered":420,"skipped":0,"pct":96.55},"functions":{"total":124,"covered":123,"skipped":0,"pct":99.19},"branches":{"total":227,"covered":212,"skipped":0,"pct":93.39},"branchesTrue":{"total":0,"covered":0,"skipped":0,"pct":100}}
,"/Users/anikets/go-p/fe_learning/tabletalk-api/src/repositories/campaign.repository.ts": {"lines":{"total":11,"covered":11,"skipped":0,"pct":100},"functions":{"total":8,"covered":8,"skipped":0,"pct":100},"statements":{"total":12,"covered":12,"skipped":0,"pct":100},"branches":{"total":2,"covered":2,"skipped":0,"pct":100}}
,"/Users/anikets/go-p/fe_learning/tabletalk-api/src/repositories/customer.repository.ts": {"lines":{"total":7,"covered":7,"skipped":0,"pct":100},"functions":{"total":3,"covered":3,"skipped":0,"pct":100},"statements":{"total":8,"covered":8,"skipped":0,"pct":100},"branches":{"total":8,"covered":8,"skipped":0,"pct":100}}
,"/Users/anikets/go-p/fe_learning/tabletalk-api/src/repositories/invoice.repository.ts": {"lines":{"total":3,"covered":3,"skipped":0,"pct":100},"functions":{"total":2,"covered":2,"skipped":0,"pct":100},"statements":{"total":3,"covered":3,"skipped":0,"pct":100},"branches":{"total":0,"covered":0,"skipped":0,"pct":100}}
,"/Users/anikets/go-p/fe_learning/tabletalk-api/src/repositories/menu.repository.ts": {"lines":{"total":15,"covered":15,"skipped":0,"pct":100},"functions":{"total":13,"covered":13,"skipped":0,"pct":100},"statements":{"total":15,"covered":15,"skipped":0,"pct":100},"branches":{"total":0,"covered":0,"skipped":0,"pct":100}}
,"/Users/anikets/go-p/fe_learning/tabletalk-api/src/repositories/order.repository.ts": {"lines":{"total":16,"covered":16,"skipped":0,"pct":100},"functions":{"total":14,"covered":14,"skipped":0,"pct":100},"statements":{"total":16,"covered":16,"skipped":0,"pct":100},"branches":{"total":4,"covered":4,"skipped":0,"pct":100}}
,"/Users/anikets/go-p/fe_learning/tabletalk-api/src/repositories/restaurant.repository.ts": {"lines":{"total":7,"covered":7,"skipped":0,"pct":100},"functions":{"total":6,"covered":6,"skipped":0,"pct":100},"statements":{"total":7,"covered":7,"skipped":0,"pct":100},"branches":{"total":0,"covered":0,"skipped":0,"pct":100}}
,"/Users/anikets/go-p/fe_learning/tabletalk-api/src/repositories/staff.repository.ts": {"lines":{"total":9,"covered":9,"skipped":0,"pct":100},"functions":{"total":8,"covered":8,"skipped":0,"pct":100},"statements":{"total":9,"covered":9,"skipped":0,"pct":100},"branches":{"total":0,"covered":0,"skipped":0,"pct":100}}
,"/Users/anikets/go-p/fe_learning/tabletalk-api/src/repositories/subscription.repository.ts": {"lines":{"total":5,"covered":5,"skipped":0,"pct":100},"functions":{"total":4,"covered":4,"skipped":0,"pct":100},"statements":{"total":5,"covered":5,"skipped":0,"pct":100},"branches":{"total":0,"covered":0,"skipped":0,"pct":100}}
,"/Users/anikets/go-p/fe_learning/tabletalk-api/src/repositories/table.repository.ts": {"lines":{"total":11,"covered":11,"skipped":0,"pct":100},"functions":{"total":10,"covered":10,"skipped":0,"pct":100},"statements":{"total":11,"covered":11,"skipped":0,"pct":100},"branches":{"total":0,"covered":0,"skipped":0,"pct":100}}
,"/Users/anikets/go-p/fe_learning/tabletalk-api/src/repositories/user.repository.ts": {"lines":{"total":5,"covered":5,"skipped":0,"pct":100},"functions":{"total":4,"covered":4,"skipped":0,"pct":100},"statements":{"total":5,"covered":5,"skipped":0,"pct":100},"branches":{"total":0,"covered":0,"skipped":0,"pct":100}}
,"/Users/anikets/go-p/fe_learning/tabletalk-api/src/services/auth.service.ts": {"lines":{"total":34,"covered":34,"skipped":0,"pct":100},"functions":{"total":4,"covered":4,"skipped":0,"pct":100},"statements":{"total":34,"covered":34,"skipped":0,"pct":100},"branches":{"total":29,"covered":29,"skipped":0,"pct":100}}
,"/Users/anikets/go-p/fe_learning/tabletalk-api/src/services/billing.service.ts": {"lines":{"total":63,"covered":62,"skipped":0,"pct":98.41},"functions":{"total":6,"covered":6,"skipped":0,"pct":100},"statements":{"total":64,"covered":63,"skipped":0,"pct":98.43},"branches":{"total":39,"covered":35,"skipped":0,"pct":89.74}}
,"/Users/anikets/go-p/fe_learning/tabletalk-api/src/services/campaign.service.ts": {"lines":{"total":48,"covered":34,"skipped":0,"pct":70.83},"functions":{"total":8,"covered":7,"skipped":0,"pct":87.5},"statements":{"total":49,"covered":35,"skipped":0,"pct":71.42},"branches":{"total":39,"covered":29,"skipped":0,"pct":74.35}}
,"/Users/anikets/go-p/fe_learning/tabletalk-api/src/services/dashboard.service.ts": {"lines":{"total":32,"covered":32,"skipped":0,"pct":100},"functions":{"total":7,"covered":7,"skipped":0,"pct":100},"statements":{"total":36,"covered":36,"skipped":0,"pct":100},"branches":{"total":8,"covered":8,"skipped":0,"pct":100}}
,"/Users/anikets/go-p/fe_learning/tabletalk-api/src/services/menu.service.ts": {"lines":{"total":26,"covered":26,"skipped":0,"pct":100},"functions":{"total":4,"covered":4,"skipped":0,"pct":100},"statements":{"total":30,"covered":30,"skipped":0,"pct":100},"branches":{"total":34,"covered":34,"skipped":0,"pct":100}}
,"/Users/anikets/go-p/fe_learning/tabletalk-api/src/services/order.service.ts": {"lines":{"total":66,"covered":66,"skipped":0,"pct":100},"functions":{"total":10,"covered":10,"skipped":0,"pct":100},"statements":{"total":68,"covered":68,"skipped":0,"pct":100},"branches":{"total":40,"covered":40,"skipped":0,"pct":100}}
,"/Users/anikets/go-p/fe_learning/tabletalk-api/src/services/restaurant.service.ts": {"lines":{"total":15,"covered":15,"skipped":0,"pct":100},"functions":{"total":2,"covered":2,"skipped":0,"pct":100},"statements":{"total":17,"covered":17,"skipped":0,"pct":100},"branches":{"total":4,"covered":4,"skipped":0,"pct":100}}
,"/Users/anikets/go-p/fe_learning/tabletalk-api/src/services/staff.service.ts": {"lines":{"total":21,"covered":21,"skipped":0,"pct":100},"functions":{"total":5,"covered":5,"skipped":0,"pct":100},"statements":{"total":22,"covered":22,"skipped":0,"pct":100},"branches":{"total":12,"covered":11,"skipped":0,"pct":91.66}}
,"/Users/anikets/go-p/fe_learning/tabletalk-api/src/services/user.service.ts": {"lines":{"total":23,"covered":23,"skipped":0,"pct":100},"functions":{"total":6,"covered":6,"skipped":0,"pct":100},"statements":{"total":24,"covered":24,"skipped":0,"pct":100},"branches":{"total":8,"covered":8,"skipped":0,"pct":100}}
}
