{"/Users/anikets/go-p/fe_learning/tabletalk-api/src/repositories/campaign.repository.ts": {"path":"/Users/anikets/go-p/fe_learning/tabletalk-api/src/repositories/campaign.repository.ts","statementMap":{"0":{"start":{"line":4,"column":16},"end":{"line":4,"column":32}},"1":{"start":{"line":5,"column":2},"end":{"line":18,"column":null}},"2":{"start":{"line":22,"column":2},"end":{"line":24,"column":null}},"3":{"start":{"line":28,"column":2},"end":{"line":28,"column":null}},"4":{"start":{"line":32,"column":2},"end":{"line":32,"column":null}},"5":{"start":{"line":36,"column":2},"end":{"line":36,"column":null}},"6":{"start":{"line":40,"column":2},"end":{"line":42,"column":null}},"7":{"start":{"line":46,"column":2},"end":{"line":46,"column":null}},"8":{"start":{"line":46,"column":32},"end":{"line":46,"column":null}},"9":{"start":{"line":47,"column":2},"end":{"line":51,"column":null}},"10":{"start":{"line":55,"column":2},"end":{"line":66,"column":null}},"11":{"start":{"line":69,"column":34},"end":{"line":78,"column":null}}},"fnMap":{"0":{"name":"findMany","decl":{"start":{"line":3,"column":16},"end":{"line":3,"column":25}},"loc":{"start":{"line":3,"column":76},"end":{"line":18,"column":null}},"line":3},"1":{"name":"findById","decl":{"start":{"line":21,"column":16},"end":{"line":21,"column":25}},"loc":{"start":{"line":21,"column":59},"end":{"line":24,"column":null}},"line":21},"2":{"name":"create","decl":{"start":{"line":27,"column":16},"end":{"line":27,"column":23}},"loc":{"start":{"line":27,"column":83},"end":{"line":28,"column":null}},"line":27},"3":{"name":"update","decl":{"start":{"line":31,"column":16},"end":{"line":31,"column":23}},"loc":{"start":{"line":31,"column":66},"end":{"line":32,"column":null}},"line":31},"4":{"name":"remove","decl":{"start":{"line":35,"column":16},"end":{"line":35,"column":23}},"loc":{"start":{"line":35,"column":35},"end":{"line":36,"column":null}},"line":35},"5":{"name":"findDeletable","decl":{"start":{"line":39,"column":16},"end":{"line":39,"column":30}},"loc":{"start":{"line":39,"column":84},"end":{"line":42,"column":null}},"line":39},"6":{"name":"getDeliveryCounts","decl":{"start":{"line":45,"column":16},"end":{"line":45,"column":34}},"loc":{"start":{"line":45,"column":57},"end":{"line":51,"column":null}},"line":45},"7":{"name":"getDeliveryStatusCounts","decl":{"start":{"line":54,"column":16},"end":{"line":54,"column":40}},"loc":{"start":{"line":54,"column":60},"end":{"line":66,"column":null}},"line":54}},"branchMap":{"0":{"loc":{"start":{"line":46,"column":2},"end":{"line":46,"column":null}},"type":"if","locations":[{"start":{"line":46,"column":2},"end":{"line":46,"column":null}},{"start":{},"end":{}}],"line":46}},"s":{"0":2,"1":2,"2":2,"3":1,"4":1,"5":1,"6":2,"7":2,"8":1,"9":1,"10":1,"11":1},"f":{"0":2,"1":2,"2":1,"3":1,"4":1,"5":2,"6":2,"7":1},"b":{"0":[1,1]},"meta":{"lastBranch":1,"lastFunction":8,"lastStatement":12,"seen":{"f:3:16:3:25":0,"s:4:16:4:32":0,"s:5:2:18:Infinity":1,"f:21:16:21:25":1,"s:22:2:24:Infinity":2,"f:27:16:27:23":2,"s:28:2:28:Infinity":3,"f:31:16:31:23":3,"s:32:2:32:Infinity":4,"f:35:16:35:23":4,"s:36:2:36:Infinity":5,"f:39:16:39:30":5,"s:40:2:42:Infinity":6,"f:45:16:45:34":6,"b:46:2:46:Infinity:undefined:undefined:undefined:undefined":0,"s:46:2:46:Infinity":7,"s:46:32:46:Infinity":8,"s:47:2:51:Infinity":9,"f:54:16:54:40":7,"s:55:2:66:Infinity":10,"s:69:34:78:Infinity":11}}}
,"/Users/anikets/go-p/fe_learning/tabletalk-api/src/repositories/customer.repository.ts": {"path":"/Users/anikets/go-p/fe_learning/tabletalk-api/src/repositories/customer.repository.ts","statementMap":{"0":{"start":{"line":11,"column":2},"end":{"line":11,"column":null}},"1":{"start":{"line":11,"column":21},"end":{"line":11,"column":null}},"2":{"start":{"line":13,"column":19},"end":{"line":28,"column":4}},"3":{"start":{"line":30,"column":2},"end":{"line":30,"column":null}},"4":{"start":{"line":39,"column":16},"end":{"line":44,"column":null}},"5":{"start":{"line":46,"column":2},"end":{"line":54,"column":null}},"6":{"start":{"line":58,"column":2},"end":{"line":67,"column":null}},"7":{"start":{"line":70,"column":34},"end":{"line":74,"column":null}}},"fnMap":{"0":{"name":"upsert","decl":{"start":{"line":10,"column":22},"end":{"line":10,"column":29}},"loc":{"start":{"line":10,"column":118},"end":{"line":30,"column":null}},"line":10},"1":{"name":"findMany","decl":{"start":{"line":33,"column":16},"end":{"line":33,"column":null}},"loc":{"start":{"line":38,"column":2},"end":{"line":54,"column":null}},"line":38},"2":{"name":"aggregate","decl":{"start":{"line":57,"column":16},"end":{"line":57,"column":26}},"loc":{"start":{"line":57,"column":48},"end":{"line":67,"column":null}},"line":57}},"branchMap":{"0":{"loc":{"start":{"line":11,"column":2},"end":{"line":11,"column":null}},"type":"if","locations":[{"start":{"line":11,"column":2},"end":{"line":11,"column":null}},{"start":{},"end":{}}],"line":11},"1":{"loc":{"start":{"line":17,"column":12},"end":{"line":17,"column":null}},"type":"binary-expr","locations":[{"start":{"line":17,"column":12},"end":{"line":17,"column":20}},{"start":{"line":17,"column":20},"end":{"line":17,"column":null}}],"line":17},"2":{"loc":{"start":{"line":26,"column":10},"end":{"line":26,"column":null}},"type":"cond-expr","locations":[{"start":{"line":26,"column":17},"end":{"line":26,"column":25}},{"start":{"line":26,"column":28},"end":{"line":26,"column":null}}],"line":26},"3":{"loc":{"start":{"line":41,"column":8},"end":{"line":43,"column":null}},"type":"cond-expr","locations":[{"start":{"line":42,"column":8},"end":{"line":42,"column":111}},{"start":{"line":43,"column":8},"end":{"line":43,"column":null}}],"line":41}},"s":{"0":3,"1":1,"2":2,"3":2,"4":3,"5":3,"6":1,"7":1},"f":{"0":3,"1":3,"2":1},"b":{"0":[1,2],"1":[2,1],"2":[1,1],"3":[1,2]},"meta":{"lastBranch":4,"lastFunction":3,"lastStatement":8,"seen":{"f:10:22:10:29":0,"b:11:2:11:Infinity:undefined:undefined:undefined:undefined":0,"s:11:2:11:Infinity":0,"s:11:21:11:Infinity":1,"s:13:19:28:4":2,"b:17:12:17:20:17:20:17:Infinity":1,"b:26:17:26:25:26:28:26:Infinity":2,"s:30:2:30:Infinity":3,"f:33:16:33:Infinity":1,"s:39:16:44:Infinity":4,"b:42:8:42:111:43:8:43:Infinity":3,"s:46:2:54:Infinity":5,"f:57:16:57:26":2,"s:58:2:67:Infinity":6,"s:70:34:74:Infinity":7}}}
,"/Users/anikets/go-p/fe_learning/tabletalk-api/src/repositories/invoice.repository.ts": {"path":"/Users/anikets/go-p/fe_learning/tabletalk-api/src/repositories/invoice.repository.ts","statementMap":{"0":{"start":{"line":4,"column":2},"end":{"line":10,"column":null}},"1":{"start":{"line":14,"column":2},"end":{"line":14,"column":null}},"2":{"start":{"line":17,"column":33},"end":{"line":20,"column":null}}},"fnMap":{"0":{"name":"findByRestaurant","decl":{"start":{"line":3,"column":16},"end":{"line":3,"column":33}},"loc":{"start":{"line":3,"column":55},"end":{"line":10,"column":null}},"line":3},"1":{"name":"create","decl":{"start":{"line":13,"column":16},"end":{"line":13,"column":23}},"loc":{"start":{"line":13,"column":82},"end":{"line":14,"column":null}},"line":13}},"branchMap":{},"s":{"0":2,"1":1,"2":1},"f":{"0":2,"1":1},"b":{},"meta":{"lastBranch":0,"lastFunction":2,"lastStatement":3,"seen":{"f:3:16:3:33":0,"s:4:2:10:Infinity":0,"f:13:16:13:23":1,"s:14:2:14:Infinity":1,"s:17:33:20:Infinity":2}}}
,"/Users/anikets/go-p/fe_learning/tabletalk-api/src/repositories/menu.repository.ts": {"path":"/Users/anikets/go-p/fe_learning/tabletalk-api/src/repositories/menu.repository.ts","statementMap":{"0":{"start":{"line":4,"column":2},"end":{"line":14,"column":null}},"1":{"start":{"line":18,"column":2},"end":{"line":34,"column":null}},"2":{"start":{"line":38,"column":2},"end":{"line":42,"column":null}},"3":{"start":{"line":46,"column":2},"end":{"line":48,"column":null}},"4":{"start":{"line":52,"column":2},"end":{"line":52,"column":null}},"5":{"start":{"line":56,"column":2},"end":{"line":59,"column":null}},"6":{"start":{"line":63,"column":2},"end":{"line":63,"column":null}},"7":{"start":{"line":67,"column":2},"end":{"line":67,"column":null}},"8":{"start":{"line":71,"column":2},"end":{"line":71,"column":null}},"9":{"start":{"line":75,"column":2},"end":{"line":78,"column":null}},"10":{"start":{"line":82,"column":2},"end":{"line":82,"column":null}},"11":{"start":{"line":86,"column":28},"end":{"line":90,"column":null}},"12":{"start":{"line":91,"column":2},"end":{"line":93,"column":null}},"13":{"start":{"line":92,"column":42},"end":{"line":92,"column":68}},"14":{"start":{"line":96,"column":30},"end":{"line":109,"column":null}}},"fnMap":{"0":{"name":"findCategories","decl":{"start":{"line":3,"column":16},"end":{"line":3,"column":31}},"loc":{"start":{"line":3,"column":53},"end":{"line":14,"column":null}},"line":3},"1":{"name":"findItemsByCategory","decl":{"start":{"line":17,"column":16},"end":{"line":17,"column":36}},"loc":{"start":{"line":17,"column":85},"end":{"line":34,"column":null}},"line":17},"2":{"name":"findAllWithItems","decl":{"start":{"line":37,"column":16},"end":{"line":37,"column":33}},"loc":{"start":{"line":37,"column":55},"end":{"line":42,"column":null}},"line":37},"3":{"name":"findCategoryByIdAndRestaurant","decl":{"start":{"line":45,"column":16},"end":{"line":45,"column":46}},"loc":{"start":{"line":45,"column":88},"end":{"line":48,"column":null}},"line":45},"4":{"name":"createItem","decl":{"start":{"line":51,"column":16},"end":{"line":51,"column":27}},"loc":{"start":{"line":51,"column":87},"end":{"line":52,"column":null}},"line":51},"5":{"name":"findItemById","decl":{"start":{"line":55,"column":16},"end":{"line":55,"column":29}},"loc":{"start":{"line":55,"column":41},"end":{"line":59,"column":null}},"line":55},"6":{"name":"updateItem","decl":{"start":{"line":62,"column":16},"end":{"line":62,"column":27}},"loc":{"start":{"line":62,"column":70},"end":{"line":63,"column":null}},"line":62},"7":{"name":"deleteItem","decl":{"start":{"line":66,"column":16},"end":{"line":66,"column":27}},"loc":{"start":{"line":66,"column":39},"end":{"line":67,"column":null}},"line":66},"8":{"name":"createCategory","decl":{"start":{"line":70,"column":16},"end":{"line":70,"column":31}},"loc":{"start":{"line":70,"column":95},"end":{"line":71,"column":null}},"line":70},"9":{"name":"findMaxSortOrder","decl":{"start":{"line":74,"column":16},"end":{"line":74,"column":33}},"loc":{"start":{"line":74,"column":55},"end":{"line":78,"column":null}},"line":74},"10":{"name":"countCategories","decl":{"start":{"line":81,"column":16},"end":{"line":81,"column":32}},"loc":{"start":{"line":81,"column":54},"end":{"line":82,"column":null}},"line":81},"11":{"name":"seedDefaults","decl":{"start":{"line":85,"column":16},"end":{"line":85,"column":29}},"loc":{"start":{"line":85,"column":51},"end":{"line":93,"column":null}},"line":85},"12":{"name":"(anonymous_12)","decl":{"start":{"line":92,"column":28},"end":{"line":92,"column":33}},"loc":{"start":{"line":92,"column":42},"end":{"line":92,"column":68}},"line":92}},"branchMap":{},"s":{"0":1,"1":2,"2":1,"3":1,"4":1,"5":1,"6":1,"7":1,"8":1,"9":1,"10":1,"11":1,"12":1,"13":3,"14":1},"f":{"0":1,"1":2,"2":1,"3":1,"4":1,"5":1,"6":1,"7":1,"8":1,"9":1,"10":1,"11":1,"12":3},"b":{},"meta":{"lastBranch":0,"lastFunction":13,"lastStatement":15,"seen":{"f:3:16:3:31":0,"s:4:2:14:Infinity":0,"f:17:16:17:36":1,"s:18:2:34:Infinity":1,"f:37:16:37:33":2,"s:38:2:42:Infinity":2,"f:45:16:45:46":3,"s:46:2:48:Infinity":3,"f:51:16:51:27":4,"s:52:2:52:Infinity":4,"f:55:16:55:29":5,"s:56:2:59:Infinity":5,"f:62:16:62:27":6,"s:63:2:63:Infinity":6,"f:66:16:66:27":7,"s:67:2:67:Infinity":7,"f:70:16:70:31":8,"s:71:2:71:Infinity":8,"f:74:16:74:33":9,"s:75:2:78:Infinity":9,"f:81:16:81:32":10,"s:82:2:82:Infinity":10,"f:85:16:85:29":11,"s:86:28:90:Infinity":11,"s:91:2:93:Infinity":12,"f:92:28:92:33":12,"s:92:42:92:68":13,"s:96:30:109:Infinity":14}}}
,"/Users/anikets/go-p/fe_learning/tabletalk-api/src/repositories/order.repository.ts": {"path":"/Users/anikets/go-p/fe_learning/tabletalk-api/src/repositories/order.repository.ts","statementMap":{"0":{"start":{"line":6,"column":2},"end":{"line":12,"column":null}},"1":{"start":{"line":16,"column":2},"end":{"line":16,"column":null}},"2":{"start":{"line":20,"column":2},"end":{"line":26,"column":null}},"3":{"start":{"line":26,"column":55},"end":{"line":26,"column":97}},"4":{"start":{"line":30,"column":2},"end":{"line":30,"column":null}},"5":{"start":{"line":34,"column":2},"end":{"line":37,"column":null}},"6":{"start":{"line":41,"column":2},"end":{"line":45,"column":null}},"7":{"start":{"line":49,"column":2},"end":{"line":52,"column":null}},"8":{"start":{"line":56,"column":2},"end":{"line":64,"column":null}},"9":{"start":{"line":68,"column":2},"end":{"line":76,"column":null}},"10":{"start":{"line":80,"column":16},"end":{"line":80,"column":40}},"11":{"start":{"line":81,"column":2},"end":{"line":100,"column":null}},"12":{"start":{"line":104,"column":2},"end":{"line":110,"column":null}},"13":{"start":{"line":114,"column":2},"end":{"line":117,"column":null}},"14":{"start":{"line":121,"column":2},"end":{"line":128,"column":null}},"15":{"start":{"line":131,"column":31},"end":{"line":145,"column":null}}},"fnMap":{"0":{"name":"findMany","decl":{"start":{"line":5,"column":16},"end":{"line":5,"column":25}},"loc":{"start":{"line":5,"column":101},"end":{"line":12,"column":null}},"line":5},"1":{"name":"count","decl":{"start":{"line":15,"column":16},"end":{"line":15,"column":22}},"loc":{"start":{"line":15,"column":54},"end":{"line":16,"column":null}},"line":15},"2":{"name":"countByStatus","decl":{"start":{"line":19,"column":16},"end":{"line":19,"column":30}},"loc":{"start":{"line":19,"column":66},"end":{"line":26,"column":null}},"line":19},"3":{"name":"(anonymous_3)","decl":{"start":{"line":26,"column":5},"end":{"line":26,"column":11}},"loc":{"start":{"line":26,"column":55},"end":{"line":26,"column":97}},"line":26},"4":{"name":"findById","decl":{"start":{"line":29,"column":16},"end":{"line":29,"column":25}},"loc":{"start":{"line":29,"column":37},"end":{"line":30,"column":null}},"line":29},"5":{"name":"findByIdWithDetail","decl":{"start":{"line":33,"column":16},"end":{"line":33,"column":35}},"loc":{"start":{"line":33,"column":47},"end":{"line":37,"column":null}},"line":33},"6":{"name":"update","decl":{"start":{"line":40,"column":16},"end":{"line":40,"column":23}},"loc":{"start":{"line":40,"column":66},"end":{"line":45,"column":null}},"line":40},"7":{"name":"create","decl":{"start":{"line":48,"column":16},"end":{"line":48,"column":23}},"loc":{"start":{"line":48,"column":54},"end":{"line":52,"column":null}},"line":48},"8":{"name":"findActiveByTable","decl":{"start":{"line":55,"column":16},"end":{"line":55,"column":34}},"loc":{"start":{"line":55,"column":51},"end":{"line":64,"column":null}},"line":55},"9":{"name":"findActiveByPhone","decl":{"start":{"line":67,"column":16},"end":{"line":67,"column":34}},"loc":{"start":{"line":67,"column":49},"end":{"line":76,"column":null}},"line":67},"10":{"name":"findHistory","decl":{"start":{"line":79,"column":16},"end":{"line":79,"column":28}},"loc":{"start":{"line":79,"column":72},"end":{"line":100,"column":null}},"line":79},"11":{"name":"findByIdWithRestaurant","decl":{"start":{"line":103,"column":16},"end":{"line":103,"column":39}},"loc":{"start":{"line":103,"column":56},"end":{"line":110,"column":null}},"line":103},"12":{"name":"findLastByRestaurant","decl":{"start":{"line":113,"column":16},"end":{"line":113,"column":37}},"loc":{"start":{"line":113,"column":59},"end":{"line":117,"column":null}},"line":113},"13":{"name":"countOtherActiveOnTable","decl":{"start":{"line":120,"column":16},"end":{"line":120,"column":40}},"loc":{"start":{"line":120,"column":81},"end":{"line":128,"column":null}},"line":120}},"branchMap":{"0":{"loc":{"start":{"line":10,"column":8},"end":{"line":10,"column":65}},"type":"cond-expr","locations":[{"start":{"line":10,"column":38},"end":{"line":10,"column":60}},{"start":{"line":10,"column":63},"end":{"line":10,"column":65}}],"line":10},"1":{"loc":{"start":{"line":11,"column":8},"end":{"line":11,"column":null}},"type":"cond-expr","locations":[{"start":{"line":11,"column":38},"end":{"line":11,"column":60}},{"start":{"line":11,"column":63},"end":{"line":11,"column":null}}],"line":11}},"s":{"0":2,"1":1,"2":1,"3":1,"4":1,"5":1,"6":1,"7":1,"8":1,"9":1,"10":2,"11":2,"12":1,"13":1,"14":1,"15":1},"f":{"0":2,"1":1,"2":1,"3":1,"4":1,"5":1,"6":1,"7":1,"8":1,"9":1,"10":2,"11":1,"12":1,"13":1},"b":{"0":[1,1],"1":[1,1]},"meta":{"lastBranch":2,"lastFunction":14,"lastStatement":16,"seen":{"f:5:16:5:25":0,"s:6:2:12:Infinity":0,"b:10:38:10:60:10:63:10:65":0,"b:11:38:11:60:11:63:11:Infinity":1,"f:15:16:15:22":1,"s:16:2:16:Infinity":1,"f:19:16:19:30":2,"s:20:2:26:Infinity":2,"f:26:5:26:11":3,"s:26:55:26:97":3,"f:29:16:29:25":4,"s:30:2:30:Infinity":4,"f:33:16:33:35":5,"s:34:2:37:Infinity":5,"f:40:16:40:23":6,"s:41:2:45:Infinity":6,"f:48:16:48:23":7,"s:49:2:52:Infinity":7,"f:55:16:55:34":8,"s:56:2:64:Infinity":8,"f:67:16:67:34":9,"s:68:2:76:Infinity":9,"f:79:16:79:28":10,"s:80:16:80:40":10,"s:81:2:100:Infinity":11,"f:103:16:103:39":11,"s:104:2:110:Infinity":12,"f:113:16:113:37":12,"s:114:2:117:Infinity":13,"f:120:16:120:40":13,"s:121:2:128:Infinity":14,"s:131:31:145:Infinity":15}}}
,"/Users/anikets/go-p/fe_learning/tabletalk-api/src/repositories/restaurant.repository.ts": {"path":"/Users/anikets/go-p/fe_learning/tabletalk-api/src/repositories/restaurant.repository.ts","statementMap":{"0":{"start":{"line":4,"column":2},"end":{"line":7,"column":null}},"1":{"start":{"line":11,"column":2},"end":{"line":11,"column":null}},"2":{"start":{"line":15,"column":2},"end":{"line":18,"column":null}},"3":{"start":{"line":22,"column":2},"end":{"line":22,"column":null}},"4":{"start":{"line":26,"column":2},"end":{"line":26,"column":null}},"5":{"start":{"line":30,"column":2},"end":{"line":30,"column":null}},"6":{"start":{"line":33,"column":36},"end":{"line":40,"column":null}}},"fnMap":{"0":{"name":"findById","decl":{"start":{"line":3,"column":16},"end":{"line":3,"column":25}},"loc":{"start":{"line":3,"column":37},"end":{"line":7,"column":null}},"line":3},"1":{"name":"findByIdBasic","decl":{"start":{"line":10,"column":16},"end":{"line":10,"column":30}},"loc":{"start":{"line":10,"column":42},"end":{"line":11,"column":null}},"line":10},"2":{"name":"findByIdWithUser","decl":{"start":{"line":14,"column":16},"end":{"line":14,"column":33}},"loc":{"start":{"line":14,"column":45},"end":{"line":18,"column":null}},"line":14},"3":{"name":"create","decl":{"start":{"line":21,"column":16},"end":{"line":21,"column":23}},"loc":{"start":{"line":21,"column":85},"end":{"line":22,"column":null}},"line":21},"4":{"name":"update","decl":{"start":{"line":25,"column":16},"end":{"line":25,"column":23}},"loc":{"start":{"line":25,"column":66},"end":{"line":26,"column":null}},"line":25},"5":{"name":"findByCode","decl":{"start":{"line":29,"column":16},"end":{"line":29,"column":27}},"loc":{"start":{"line":29,"column":41},"end":{"line":30,"column":null}},"line":29}},"branchMap":{},"s":{"0":1,"1":1,"2":1,"3":1,"4":1,"5":2,"6":1},"f":{"0":1,"1":1,"2":1,"3":1,"4":1,"5":2},"b":{},"meta":{"lastBranch":0,"lastFunction":6,"lastStatement":7,"seen":{"f:3:16:3:25":0,"s:4:2:7:Infinity":0,"f:10:16:10:30":1,"s:11:2:11:Infinity":1,"f:14:16:14:33":2,"s:15:2:18:Infinity":2,"f:21:16:21:23":3,"s:22:2:22:Infinity":3,"f:25:16:25:23":4,"s:26:2:26:Infinity":4,"f:29:16:29:27":5,"s:30:2:30:Infinity":5,"s:33:36:40:Infinity":6}}}
,"/Users/anikets/go-p/fe_learning/tabletalk-api/src/repositories/staff.repository.ts": {"path":"/Users/anikets/go-p/fe_learning/tabletalk-api/src/repositories/staff.repository.ts","statementMap":{"0":{"start":{"line":4,"column":2},"end":{"line":8,"column":null}},"1":{"start":{"line":12,"column":2},"end":{"line":12,"column":null}},"2":{"start":{"line":16,"column":2},"end":{"line":18,"column":null}},"3":{"start":{"line":22,"column":2},"end":{"line":24,"column":null}},"4":{"start":{"line":28,"column":2},"end":{"line":28,"column":null}},"5":{"start":{"line":32,"column":2},"end":{"line":32,"column":null}},"6":{"start":{"line":36,"column":2},"end":{"line":39,"column":null}},"7":{"start":{"line":43,"column":2},"end":{"line":46,"column":null}},"8":{"start":{"line":49,"column":31},"end":{"line":58,"column":null}}},"fnMap":{"0":{"name":"findMany","decl":{"start":{"line":3,"column":16},"end":{"line":3,"column":25}},"loc":{"start":{"line":3,"column":47},"end":{"line":8,"column":null}},"line":3},"1":{"name":"findById","decl":{"start":{"line":11,"column":16},"end":{"line":11,"column":25}},"loc":{"start":{"line":11,"column":37},"end":{"line":12,"column":null}},"line":11},"2":{"name":"findAllActive","decl":{"start":{"line":15,"column":16},"end":{"line":15,"column":30}},"loc":{"start":{"line":15,"column":52},"end":{"line":18,"column":null}},"line":15},"3":{"name":"findAllActiveExcept","decl":{"start":{"line":21,"column":16},"end":{"line":21,"column":36}},"loc":{"start":{"line":21,"column":77},"end":{"line":24,"column":null}},"line":21},"4":{"name":"create","decl":{"start":{"line":27,"column":16},"end":{"line":27,"column":23}},"loc":{"start":{"line":27,"column":80},"end":{"line":28,"column":null}},"line":27},"5":{"name":"update","decl":{"start":{"line":31,"column":16},"end":{"line":31,"column":23}},"loc":{"start":{"line":31,"column":66},"end":{"line":32,"column":null}},"line":31},"6":{"name":"softDelete","decl":{"start":{"line":35,"column":16},"end":{"line":35,"column":27}},"loc":{"start":{"line":35,"column":39},"end":{"line":39,"column":null}},"line":35},"7":{"name":"findLastByRestaurant","decl":{"start":{"line":42,"column":16},"end":{"line":42,"column":37}},"loc":{"start":{"line":42,"column":59},"end":{"line":46,"column":null}},"line":42}},"branchMap":{},"s":{"0":1,"1":1,"2":1,"3":1,"4":1,"5":1,"6":1,"7":1,"8":1},"f":{"0":1,"1":1,"2":1,"3":1,"4":1,"5":1,"6":1,"7":1},"b":{},"meta":{"lastBranch":0,"lastFunction":8,"lastStatement":9,"seen":{"f:3:16:3:25":0,"s:4:2:8:Infinity":0,"f:11:16:11:25":1,"s:12:2:12:Infinity":1,"f:15:16:15:30":2,"s:16:2:18:Infinity":2,"f:21:16:21:36":3,"s:22:2:24:Infinity":3,"f:27:16:27:23":4,"s:28:2:28:Infinity":4,"f:31:16:31:23":5,"s:32:2:32:Infinity":5,"f:35:16:35:27":6,"s:36:2:39:Infinity":6,"f:42:16:42:37":7,"s:43:2:46:Infinity":7,"s:49:31:58:Infinity":8}}}
,"/Users/anikets/go-p/fe_learning/tabletalk-api/src/repositories/subscription.repository.ts": {"path":"/Users/anikets/go-p/fe_learning/tabletalk-api/src/repositories/subscription.repository.ts","statementMap":{"0":{"start":{"line":4,"column":2},"end":{"line":7,"column":null}},"1":{"start":{"line":11,"column":2},"end":{"line":11,"column":null}},"2":{"start":{"line":15,"column":2},"end":{"line":15,"column":null}},"3":{"start":{"line":19,"column":2},"end":{"line":21,"column":null}},"4":{"start":{"line":24,"column":38},"end":{"line":29,"column":null}}},"fnMap":{"0":{"name":"findLatest","decl":{"start":{"line":3,"column":16},"end":{"line":3,"column":27}},"loc":{"start":{"line":3,"column":49},"end":{"line":7,"column":null}},"line":3},"1":{"name":"create","decl":{"start":{"line":10,"column":16},"end":{"line":10,"column":23}},"loc":{"start":{"line":10,"column":87},"end":{"line":11,"column":null}},"line":10},"2":{"name":"update","decl":{"start":{"line":14,"column":16},"end":{"line":14,"column":23}},"loc":{"start":{"line":14,"column":66},"end":{"line":15,"column":null}},"line":14},"3":{"name":"findByRazorpayOrderId","decl":{"start":{"line":18,"column":16},"end":{"line":18,"column":38}},"loc":{"start":{"line":18,"column":63},"end":{"line":21,"column":null}},"line":18}},"branchMap":{},"s":{"0":2,"1":1,"2":1,"3":1,"4":1},"f":{"0":2,"1":1,"2":1,"3":1},"b":{},"meta":{"lastBranch":0,"lastFunction":4,"lastStatement":5,"seen":{"f:3:16:3:27":0,"s:4:2:7:Infinity":0,"f:10:16:10:23":1,"s:11:2:11:Infinity":1,"f:14:16:14:23":2,"s:15:2:15:Infinity":2,"f:18:16:18:38":3,"s:19:2:21:Infinity":3,"s:24:38:29:Infinity":4}}}
,"/Users/anikets/go-p/fe_learning/tabletalk-api/src/repositories/table.repository.ts": {"path":"/Users/anikets/go-p/fe_learning/tabletalk-api/src/repositories/table.repository.ts","statementMap":{"0":{"start":{"line":5,"column":2},"end":{"line":8,"column":null}},"1":{"start":{"line":12,"column":2},"end":{"line":12,"column":null}},"2":{"start":{"line":16,"column":2},"end":{"line":19,"column":null}},"3":{"start":{"line":23,"column":2},"end":{"line":26,"column":null}},"4":{"start":{"line":30,"column":2},"end":{"line":30,"column":null}},"5":{"start":{"line":34,"column":2},"end":{"line":34,"column":null}},"6":{"start":{"line":38,"column":2},"end":{"line":38,"column":null}},"7":{"start":{"line":42,"column":2},"end":{"line":45,"column":null}},"8":{"start":{"line":49,"column":2},"end":{"line":51,"column":null}},"9":{"start":{"line":55,"column":2},"end":{"line":57,"column":null}},"10":{"start":{"line":60,"column":31},"end":{"line":71,"column":null}}},"fnMap":{"0":{"name":"findMany","decl":{"start":{"line":4,"column":16},"end":{"line":4,"column":25}},"loc":{"start":{"line":4,"column":47},"end":{"line":8,"column":null}},"line":4},"1":{"name":"findById","decl":{"start":{"line":11,"column":16},"end":{"line":11,"column":25}},"loc":{"start":{"line":11,"column":37},"end":{"line":12,"column":null}},"line":11},"2":{"name":"findByIdWithRestaurant","decl":{"start":{"line":15,"column":16},"end":{"line":15,"column":39}},"loc":{"start":{"line":15,"column":51},"end":{"line":19,"column":null}},"line":15},"3":{"name":"findByIdFull","decl":{"start":{"line":22,"column":16},"end":{"line":22,"column":29}},"loc":{"start":{"line":22,"column":41},"end":{"line":26,"column":null}},"line":22},"4":{"name":"create","decl":{"start":{"line":29,"column":16},"end":{"line":29,"column":23}},"loc":{"start":{"line":29,"column":109},"end":{"line":30,"column":null}},"line":29},"5":{"name":"update","decl":{"start":{"line":33,"column":16},"end":{"line":33,"column":23}},"loc":{"start":{"line":33,"column":66},"end":{"line":34,"column":null}},"line":33},"6":{"name":"remove","decl":{"start":{"line":37,"column":16},"end":{"line":37,"column":23}},"loc":{"start":{"line":37,"column":35},"end":{"line":38,"column":null}},"line":37},"7":{"name":"findMaxTableNumber","decl":{"start":{"line":41,"column":16},"end":{"line":41,"column":35}},"loc":{"start":{"line":41,"column":57},"end":{"line":45,"column":null}},"line":41},"8":{"name":"countByStatus","decl":{"start":{"line":48,"column":16},"end":{"line":48,"column":30}},"loc":{"start":{"line":48,"column":73},"end":{"line":51,"column":null}},"line":48},"9":{"name":"countActive","decl":{"start":{"line":54,"column":16},"end":{"line":54,"column":28}},"loc":{"start":{"line":54,"column":50},"end":{"line":57,"column":null}},"line":54}},"branchMap":{},"s":{"0":1,"1":1,"2":1,"3":1,"4":1,"5":1,"6":1,"7":1,"8":1,"9":1,"10":1},"f":{"0":1,"1":1,"2":1,"3":1,"4":1,"5":1,"6":1,"7":1,"8":1,"9":1},"b":{},"meta":{"lastBranch":0,"lastFunction":10,"lastStatement":11,"seen":{"f:4:16:4:25":0,"s:5:2:8:Infinity":0,"f:11:16:11:25":1,"s:12:2:12:Infinity":1,"f:15:16:15:39":2,"s:16:2:19:Infinity":2,"f:22:16:22:29":3,"s:23:2:26:Infinity":3,"f:29:16:29:23":4,"s:30:2:30:Infinity":4,"f:33:16:33:23":5,"s:34:2:34:Infinity":5,"f:37:16:37:23":6,"s:38:2:38:Infinity":6,"f:41:16:41:35":7,"s:42:2:45:Infinity":7,"f:48:16:48:30":8,"s:49:2:51:Infinity":8,"f:54:16:54:28":9,"s:55:2:57:Infinity":9,"s:60:31:71:Infinity":10}}}
,"/Users/anikets/go-p/fe_learning/tabletalk-api/src/repositories/user.repository.ts": {"path":"/Users/anikets/go-p/fe_learning/tabletalk-api/src/repositories/user.repository.ts","statementMap":{"0":{"start":{"line":4,"column":2},"end":{"line":6,"column":null}},"1":{"start":{"line":10,"column":2},"end":{"line":10,"column":null}},"2":{"start":{"line":14,"column":2},"end":{"line":14,"column":null}},"3":{"start":{"line":18,"column":2},"end":{"line":21,"column":null}},"4":{"start":{"line":24,"column":30},"end":{"line":29,"column":null}}},"fnMap":{"0":{"name":"findByEmail","decl":{"start":{"line":3,"column":16},"end":{"line":3,"column":28}},"loc":{"start":{"line":3,"column":43},"end":{"line":6,"column":null}},"line":3},"1":{"name":"findById","decl":{"start":{"line":9,"column":16},"end":{"line":9,"column":25}},"loc":{"start":{"line":9,"column":37},"end":{"line":10,"column":null}},"line":9},"2":{"name":"create","decl":{"start":{"line":13,"column":16},"end":{"line":13,"column":23}},"loc":{"start":{"line":13,"column":79},"end":{"line":14,"column":null}},"line":13},"3":{"name":"softDelete","decl":{"start":{"line":17,"column":16},"end":{"line":17,"column":27}},"loc":{"start":{"line":17,"column":39},"end":{"line":21,"column":null}},"line":17}},"branchMap":{},"s":{"0":1,"1":1,"2":1,"3":1,"4":1},"f":{"0":1,"1":1,"2":1,"3":1},"b":{},"meta":{"lastBranch":0,"lastFunction":4,"lastStatement":5,"seen":{"f:3:16:3:28":0,"s:4:2:6:Infinity":0,"f:9:16:9:25":1,"s:10:2:10:Infinity":1,"f:13:16:13:23":2,"s:14:2:14:Infinity":2,"f:17:16:17:27":3,"s:18:2:21:Infinity":3,"s:24:30:29:Infinity":4}}}
,"/Users/anikets/go-p/fe_learning/tabletalk-api/src/services/auth.service.ts": {"path":"/Users/anikets/go-p/fe_learning/tabletalk-api/src/services/auth.service.ts","statementMap":{"0":{"start":{"line":12,"column":4},"end":{"line":12,"column":null}},"1":{"start":{"line":10,"column":11},"end":{"line":10,"column":null}},"2":{"start":{"line":17,"column":2},"end":{"line":18,"column":null}},"3":{"start":{"line":18,"column":4},"end":{"line":18,"column":null}},"4":{"start":{"line":20,"column":2},"end":{"line":21,"column":null}},"5":{"start":{"line":21,"column":4},"end":{"line":21,"column":null}},"6":{"start":{"line":23,"column":2},"end":{"line":24,"column":null}},"7":{"start":{"line":24,"column":4},"end":{"line":24,"column":null}},"8":{"start":{"line":26,"column":21},"end":{"line":26,"column":null}},"9":{"start":{"line":27,"column":2},"end":{"line":28,"column":null}},"10":{"start":{"line":28,"column":4},"end":{"line":28,"column":null}},"11":{"start":{"line":31,"column":19},"end":{"line":31,"column":58}},"12":{"start":{"line":32,"column":2},"end":{"line":33,"column":null}},"13":{"start":{"line":33,"column":4},"end":{"line":33,"column":null}},"14":{"start":{"line":36,"column":23},"end":{"line":36,"column":47}},"15":{"start":{"line":37,"column":15},"end":{"line":42,"column":4}},"16":{"start":{"line":44,"column":16},"end":{"line":44,"column":98}},"17":{"start":{"line":46,"column":2},"end":{"line":49,"column":null}},"18":{"start":{"line":53,"column":2},"end":{"line":54,"column":null}},"19":{"start":{"line":54,"column":4},"end":{"line":54,"column":null}},"20":{"start":{"line":57,"column":15},"end":{"line":57,"column":54}},"21":{"start":{"line":58,"column":2},"end":{"line":59,"column":null}},"22":{"start":{"line":59,"column":4},"end":{"line":59,"column":null}},"23":{"start":{"line":62,"column":18},"end":{"line":62,"column":60}},"24":{"start":{"line":63,"column":2},"end":{"line":64,"column":null}},"25":{"start":{"line":64,"column":4},"end":{"line":64,"column":null}},"26":{"start":{"line":67,"column":21},"end":{"line":70,"column":4}},"27":{"start":{"line":72,"column":16},"end":{"line":72,"column":116}},"28":{"start":{"line":74,"column":2},"end":{"line":77,"column":null}},"29":{"start":{"line":81,"column":15},"end":{"line":81,"column":52}},"30":{"start":{"line":82,"column":2},"end":{"line":83,"column":null}},"31":{"start":{"line":83,"column":4},"end":{"line":83,"column":null}},"32":{"start":{"line":85,"column":2},"end":{"line":85,"column":null}},"33":{"start":{"line":88,"column":27},"end":{"line":92,"column":null}}},"fnMap":{"0":{"name":"(anonymous_0)","decl":{"start":{"line":8,"column":2},"end":{"line":8,"column":null}},"loc":{"start":{"line":11,"column":4},"end":{"line":10,"column":null}},"line":11},"1":{"name":"register","decl":{"start":{"line":16,"column":22},"end":{"line":16,"column":31}},"loc":{"start":{"line":16,"column":78},"end":{"line":49,"column":null}},"line":16},"2":{"name":"login","decl":{"start":{"line":52,"column":22},"end":{"line":52,"column":28}},"loc":{"start":{"line":52,"column":61},"end":{"line":77,"column":null}},"line":52},"3":{"name":"getMe","decl":{"start":{"line":80,"column":22},"end":{"line":80,"column":28}},"loc":{"start":{"line":80,"column":44},"end":{"line":85,"column":null}},"line":80}},"branchMap":{"0":{"loc":{"start":{"line":17,"column":2},"end":{"line":18,"column":null}},"type":"if","locations":[{"start":{"line":17,"column":2},"end":{"line":18,"column":null}},{"start":{},"end":{}}],"line":17},"1":{"loc":{"start":{"line":17,"column":6},"end":{"line":17,"column":36}},"type":"binary-expr","locations":[{"start":{"line":17,"column":6},"end":{"line":17,"column":15}},{"start":{"line":17,"column":15},"end":{"line":17,"column":25}},{"start":{"line":17,"column":25},"end":{"line":17,"column":36}}],"line":17},"2":{"loc":{"start":{"line":20,"column":2},"end":{"line":21,"column":null}},"type":"if","locations":[{"start":{"line":20,"column":2},"end":{"line":21,"column":null}},{"start":{},"end":{}}],"line":20},"3":{"loc":{"start":{"line":20,"column":6},"end":{"line":20,"column":59}},"type":"binary-expr","locations":[{"start":{"line":20,"column":6},"end":{"line":20,"column":38}},{"start":{"line":20,"column":38},"end":{"line":20,"column":59}}],"line":20},"4":{"loc":{"start":{"line":23,"column":2},"end":{"line":24,"column":null}},"type":"if","locations":[{"start":{"line":23,"column":2},"end":{"line":24,"column":null}},{"start":{},"end":{}}],"line":23},"5":{"loc":{"start":{"line":27,"column":2},"end":{"line":28,"column":null}},"type":"if","locations":[{"start":{"line":27,"column":2},"end":{"line":28,"column":null}},{"start":{},"end":{}}],"line":27},"6":{"loc":{"start":{"line":32,"column":2},"end":{"line":33,"column":null}},"type":"if","locations":[{"start":{"line":32,"column":2},"end":{"line":33,"column":null}},{"start":{},"end":{}}],"line":32},"7":{"loc":{"start":{"line":53,"column":2},"end":{"line":54,"column":null}},"type":"if","locations":[{"start":{"line":53,"column":2},"end":{"line":54,"column":null}},{"start":{},"end":{}}],"line":53},"8":{"loc":{"start":{"line":53,"column":6},"end":{"line":53,"column":27}},"type":"binary-expr","locations":[{"start":{"line":53,"column":6},"end":{"line":53,"column":16}},{"start":{"line":53,"column":16},"end":{"line":53,"column":27}}],"line":53},"9":{"loc":{"start":{"line":58,"column":2},"end":{"line":59,"column":null}},"type":"if","locations":[{"start":{"line":58,"column":2},"end":{"line":59,"column":null}},{"start":{},"end":{}}],"line":58},"10":{"loc":{"start":{"line":63,"column":2},"end":{"line":64,"column":null}},"type":"if","locations":[{"start":{"line":63,"column":2},"end":{"line":64,"column":null}},{"start":{},"end":{}}],"line":63},"11":{"loc":{"start":{"line":72,"column":91},"end":{"line":72,"column":115}},"type":"binary-expr","locations":[{"start":{"line":72,"column":91},"end":{"line":72,"column":109}},{"start":{"line":72,"column":109},"end":{"line":72,"column":115}}],"line":72},"12":{"loc":{"start":{"line":82,"column":2},"end":{"line":83,"column":null}},"type":"if","locations":[{"start":{"line":82,"column":2},"end":{"line":83,"column":null}},{"start":{},"end":{}}],"line":82},"13":{"loc":{"start":{"line":82,"column":6},"end":{"line":82,"column":31}},"type":"binary-expr","locations":[{"start":{"line":82,"column":6},"end":{"line":82,"column":15}},{"start":{"line":82,"column":15},"end":{"line":82,"column":31}}],"line":82}},"s":{"0":13,"1":13,"2":8,"3":3,"4":5,"5":1,"6":4,"7":1,"8":3,"9":3,"10":1,"11":2,"12":2,"13":1,"14":1,"15":1,"16":1,"17":1,"18":6,"19":2,"20":4,"21":4,"22":1,"23":3,"24":3,"25":1,"26":2,"27":2,"28":2,"29":3,"30":3,"31":2,"32":1,"33":1},"f":{"0":13,"1":8,"2":6,"3":3},"b":{"0":[3,5],"1":[8,7,6],"2":[1,4],"3":[5,5],"4":[1,3],"5":[1,2],"6":[1,1],"7":[2,4],"8":[6,5],"9":[1,3],"10":[1,2],"11":[2,1],"12":[2,1],"13":[3,2]},"meta":{"lastBranch":14,"lastFunction":4,"lastStatement":34,"seen":{"f:8:2:8:Infinity":0,"s:12:4:12:Infinity":0,"s:10:11:10:Infinity":1,"f:16:22:16:31":1,"b:17:2:18:Infinity:undefined:undefined:undefined:undefined":0,"s:17:2:18:Infinity":2,"b:17:6:17:15:17:15:17:25:17:25:17:36":1,"s:18:4:18:Infinity":3,"b:20:2:21:Infinity:undefined:undefined:undefined:undefined":2,"s:20:2:21:Infinity":4,"b:20:6:20:38:20:38:20:59":3,"s:21:4:21:Infinity":5,"b:23:2:24:Infinity:undefined:undefined:undefined:undefined":4,"s:23:2:24:Infinity":6,"s:24:4:24:Infinity":7,"s:26:21:26:Infinity":8,"b:27:2:28:Infinity:undefined:undefined:undefined:undefined":5,"s:27:2:28:Infinity":9,"s:28:4:28:Infinity":10,"s:31:19:31:58":11,"b:32:2:33:Infinity:undefined:undefined:undefined:undefined":6,"s:32:2:33:Infinity":12,"s:33:4:33:Infinity":13,"s:36:23:36:47":14,"s:37:15:42:4":15,"s:44:16:44:98":16,"s:46:2:49:Infinity":17,"f:52:22:52:28":2,"b:53:2:54:Infinity:undefined:undefined:undefined:undefined":7,"s:53:2:54:Infinity":18,"b:53:6:53:16:53:16:53:27":8,"s:54:4:54:Infinity":19,"s:57:15:57:54":20,"b:58:2:59:Infinity:undefined:undefined:undefined:undefined":9,"s:58:2:59:Infinity":21,"s:59:4:59:Infinity":22,"s:62:18:62:60":23,"b:63:2:64:Infinity:undefined:undefined:undefined:undefined":10,"s:63:2:64:Infinity":24,"s:64:4:64:Infinity":25,"s:67:21:70:4":26,"s:72:16:72:116":27,"b:72:91:72:109:72:109:72:115":11,"s:74:2:77:Infinity":28,"f:80:22:80:28":3,"s:81:15:81:52":29,"b:82:2:83:Infinity:undefined:undefined:undefined:undefined":12,"s:82:2:83:Infinity":30,"b:82:6:82:15:82:15:82:31":13,"s:83:4:83:Infinity":31,"s:85:2:85:Infinity":32,"s:88:27:92:Infinity":33}}}
,"/Users/anikets/go-p/fe_learning/tabletalk-api/src/services/billing.service.ts": {"path":"/Users/anikets/go-p/fe_learning/tabletalk-api/src/services/billing.service.ts","statementMap":{"0":{"start":{"line":17,"column":4},"end":{"line":17,"column":null}},"1":{"start":{"line":15,"column":11},"end":{"line":15,"column":null}},"2":{"start":{"line":22,"column":2},"end":{"line":23,"column":null}},"3":{"start":{"line":23,"column":4},"end":{"line":23,"column":null}},"4":{"start":{"line":26,"column":19},"end":{"line":26,"column":72}},"5":{"start":{"line":27,"column":2},"end":{"line":28,"column":null}},"6":{"start":{"line":28,"column":4},"end":{"line":28,"column":null}},"7":{"start":{"line":31,"column":18},"end":{"line":31,"column":28}},"8":{"start":{"line":32,"column":2},"end":{"line":32,"column":null}},"9":{"start":{"line":34,"column":2},"end":{"line":40,"column":null}},"10":{"start":{"line":44,"column":2},"end":{"line":45,"column":null}},"11":{"start":{"line":45,"column":4},"end":{"line":45,"column":null}},"12":{"start":{"line":48,"column":21},"end":{"line":51,"column":4}},"13":{"start":{"line":52,"column":2},"end":{"line":52,"column":null}},"14":{"start":{"line":52,"column":19},"end":{"line":52,"column":null}},"15":{"start":{"line":54,"column":17},"end":{"line":54,"column":null}},"16":{"start":{"line":56,"column":19},"end":{"line":61,"column":4}},"17":{"start":{"line":63,"column":18},"end":{"line":63,"column":28}},"18":{"start":{"line":64,"column":2},"end":{"line":64,"column":null}},"19":{"start":{"line":66,"column":23},"end":{"line":73,"column":4}},"20":{"start":{"line":75,"column":2},"end":{"line":83,"column":null}},"21":{"start":{"line":91,"column":73},"end":{"line":91,"column":null}},"22":{"start":{"line":93,"column":2},"end":{"line":94,"column":null}},"23":{"start":{"line":94,"column":4},"end":{"line":94,"column":null}},"24":{"start":{"line":97,"column":8},"end":{"line":97,"column":105}},"25":{"start":{"line":98,"column":2},"end":{"line":99,"column":null}},"26":{"start":{"line":99,"column":4},"end":{"line":99,"column":null}},"27":{"start":{"line":102,"column":23},"end":{"line":102,"column":92}},"28":{"start":{"line":103,"column":2},"end":{"line":104,"column":null}},"29":{"start":{"line":104,"column":4},"end":{"line":104,"column":null}},"30":{"start":{"line":107,"column":21},"end":{"line":107,"column":76}},"31":{"start":{"line":109,"column":14},"end":{"line":109,"column":24}},"32":{"start":{"line":110,"column":18},"end":{"line":110,"column":28}},"33":{"start":{"line":111,"column":2},"end":{"line":111,"column":null}},"34":{"start":{"line":113,"column":18},"end":{"line":119,"column":4}},"35":{"start":{"line":121,"column":2},"end":{"line":130,"column":null}},"36":{"start":{"line":132,"column":2},"end":{"line":132,"column":null}},"37":{"start":{"line":136,"column":23},"end":{"line":136,"column":76}},"38":{"start":{"line":137,"column":2},"end":{"line":138,"column":null}},"39":{"start":{"line":138,"column":4},"end":{"line":138,"column":null}},"40":{"start":{"line":141,"column":2},"end":{"line":142,"column":null}},"41":{"start":{"line":142,"column":4},"end":{"line":142,"column":null}},"42":{"start":{"line":145,"column":2},"end":{"line":148,"column":null}},"43":{"start":{"line":152,"column":2},"end":{"line":153,"column":null}},"44":{"start":{"line":153,"column":4},"end":{"line":153,"column":null}},"45":{"start":{"line":156,"column":16},"end":{"line":156,"column":35}},"46":{"start":{"line":158,"column":2},"end":{"line":164,"column":null}},"47":{"start":{"line":166,"column":28},"end":{"line":166,"column":null}},"48":{"start":{"line":167,"column":21},"end":{"line":167,"column":null}},"49":{"start":{"line":169,"column":2},"end":{"line":170,"column":null}},"50":{"start":{"line":170,"column":4},"end":{"line":170,"column":null}},"51":{"start":{"line":173,"column":23},"end":{"line":173,"column":94}},"52":{"start":{"line":174,"column":2},"end":{"line":175,"column":null}},"53":{"start":{"line":175,"column":4},"end":{"line":175,"column":null}},"54":{"start":{"line":178,"column":2},"end":{"line":195,"column":null}},"55":{"start":{"line":180,"column":22},"end":{"line":180,"column":32}},"56":{"start":{"line":181,"column":6},"end":{"line":181,"column":null}},"57":{"start":{"line":182,"column":6},"end":{"line":188,"column":null}},"58":{"start":{"line":189,"column":6},"end":{"line":189,"column":null}},"59":{"start":{"line":192,"column":6},"end":{"line":194,"column":null}},"60":{"start":{"line":195,"column":6},"end":{"line":195,"column":null}},"61":{"start":{"line":199,"column":2},"end":{"line":202,"column":null}},"62":{"start":{"line":204,"column":2},"end":{"line":204,"column":null}},"63":{"start":{"line":207,"column":30},"end":{"line":213,"column":null}}},"fnMap":{"0":{"name":"(anonymous_0)","decl":{"start":{"line":13,"column":2},"end":{"line":13,"column":null}},"loc":{"start":{"line":16,"column":4},"end":{"line":15,"column":null}},"line":16},"1":{"name":"createTrialSubscription","decl":{"start":{"line":21,"column":22},"end":{"line":21,"column":46}},"loc":{"start":{"line":21,"column":82},"end":{"line":40,"column":null}},"line":21},"2":{"name":"createCheckout","decl":{"start":{"line":43,"column":22},"end":{"line":43,"column":37}},"loc":{"start":{"line":43,"column":89},"end":{"line":83,"column":null}},"line":43},"3":{"name":"verifyPayment","decl":{"start":{"line":86,"column":22},"end":{"line":86,"column":36}},"loc":{"start":{"line":90,"column":3},"end":{"line":132,"column":null}},"line":90},"4":{"name":"cancelSubscription","decl":{"start":{"line":135,"column":22},"end":{"line":135,"column":41}},"loc":{"start":{"line":135,"column":63},"end":{"line":148,"column":null}},"line":135},"5":{"name":"handleWebhook","decl":{"start":{"line":151,"column":22},"end":{"line":151,"column":36}},"loc":{"start":{"line":151,"column":84},"end":{"line":204,"column":null}},"line":151}},"branchMap":{"0":{"loc":{"start":{"line":22,"column":2},"end":{"line":23,"column":null}},"type":"if","locations":[{"start":{"line":22,"column":2},"end":{"line":23,"column":null}},{"start":{},"end":{}}],"line":22},"1":{"loc":{"start":{"line":27,"column":2},"end":{"line":28,"column":null}},"type":"if","locations":[{"start":{"line":27,"column":2},"end":{"line":28,"column":null}},{"start":{},"end":{}}],"line":27},"2":{"loc":{"start":{"line":27,"column":6},"end":{"line":27,"column":113}},"type":"binary-expr","locations":[{"start":{"line":27,"column":6},"end":{"line":27,"column":19}},{"start":{"line":27,"column":19},"end":{"line":27,"column":113}}],"line":27},"3":{"loc":{"start":{"line":44,"column":2},"end":{"line":45,"column":null}},"type":"if","locations":[{"start":{"line":44,"column":2},"end":{"line":45,"column":null}},{"start":{},"end":{}}],"line":44},"4":{"loc":{"start":{"line":52,"column":2},"end":{"line":52,"column":null}},"type":"if","locations":[{"start":{"line":52,"column":2},"end":{"line":52,"column":null}},{"start":{},"end":{}}],"line":52},"5":{"loc":{"start":{"line":93,"column":2},"end":{"line":94,"column":null}},"type":"if","locations":[{"start":{"line":93,"column":2},"end":{"line":94,"column":null}},{"start":{},"end":{}}],"line":93},"6":{"loc":{"start":{"line":93,"column":6},"end":{"line":93,"column":73}},"type":"binary-expr","locations":[{"start":{"line":93,"column":6},"end":{"line":93,"column":30}},{"start":{"line":93,"column":30},"end":{"line":93,"column":52}},{"start":{"line":93,"column":52},"end":{"line":93,"column":73}}],"line":93},"7":{"loc":{"start":{"line":98,"column":2},"end":{"line":99,"column":null}},"type":"if","locations":[{"start":{"line":98,"column":2},"end":{"line":99,"column":null}},{"start":{},"end":{}}],"line":98},"8":{"loc":{"start":{"line":103,"column":2},"end":{"line":104,"column":null}},"type":"if","locations":[{"start":{"line":103,"column":2},"end":{"line":104,"column":null}},{"start":{},"end":{}}],"line":103},"9":{"loc":{"start":{"line":115,"column":19},"end":{"line":115,"column":null}},"type":"binary-expr","locations":[{"start":{"line":115,"column":19},"end":{"line":115,"column":40}},{"start":{"line":115,"column":40},"end":{"line":115,"column":null}}],"line":115},"10":{"loc":{"start":{"line":129,"column":19},"end":{"line":129,"column":null}},"type":"binary-expr","locations":[{"start":{"line":129,"column":19},"end":{"line":129,"column":40}},{"start":{"line":129,"column":40},"end":{"line":129,"column":null}}],"line":129},"11":{"loc":{"start":{"line":137,"column":2},"end":{"line":138,"column":null}},"type":"if","locations":[{"start":{"line":137,"column":2},"end":{"line":138,"column":null}},{"start":{},"end":{}}],"line":137},"12":{"loc":{"start":{"line":141,"column":2},"end":{"line":142,"column":null}},"type":"if","locations":[{"start":{"line":141,"column":2},"end":{"line":142,"column":null}},{"start":{},"end":{}}],"line":141},"13":{"loc":{"start":{"line":152,"column":2},"end":{"line":153,"column":null}},"type":"if","locations":[{"start":{"line":152,"column":2},"end":{"line":153,"column":null}},{"start":{},"end":{}}],"line":152},"14":{"loc":{"start":{"line":152,"column":6},"end":{"line":152,"column":63}},"type":"binary-expr","locations":[{"start":{"line":152,"column":6},"end":{"line":152,"column":20}},{"start":{"line":152,"column":20},"end":{"line":152,"column":63}}],"line":152},"15":{"loc":{"start":{"line":169,"column":2},"end":{"line":170,"column":null}},"type":"if","locations":[{"start":{"line":169,"column":2},"end":{"line":170,"column":null}},{"start":{},"end":{}}],"line":169},"16":{"loc":{"start":{"line":174,"column":2},"end":{"line":175,"column":null}},"type":"if","locations":[{"start":{"line":174,"column":2},"end":{"line":175,"column":null}},{"start":{},"end":{}}],"line":174},"17":{"loc":{"start":{"line":178,"column":2},"end":{"line":195,"column":null}},"type":"switch","locations":[{"start":{"line":179,"column":4},"end":{"line":189,"column":null}},{"start":{"line":191,"column":4},"end":{"line":195,"column":null}}],"line":178},"18":{"loc":{"start":{"line":184,"column":23},"end":{"line":184,"column":null}},"type":"binary-expr","locations":[{"start":{"line":184,"column":23},"end":{"line":184,"column":44}},{"start":{"line":184,"column":44},"end":{"line":184,"column":null}}],"line":184}},"s":{"0":13,"1":13,"2":5,"3":2,"4":3,"5":3,"6":1,"7":2,"8":2,"9":2,"10":3,"11":1,"12":2,"13":2,"14":2,"15":1,"16":1,"17":1,"18":1,"19":1,"20":1,"21":5,"22":5,"23":2,"24":3,"25":3,"26":1,"27":2,"28":2,"29":1,"30":1,"31":1,"32":1,"33":1,"34":1,"35":1,"36":1,"37":4,"38":4,"39":1,"40":3,"41":1,"42":2,"43":5,"44":2,"45":3,"46":3,"47":3,"48":3,"49":5,"50":1,"51":2,"52":2,"53":0,"54":2,"55":1,"56":1,"57":1,"58":1,"59":1,"60":1,"61":2,"62":2,"63":1},"f":{"0":13,"1":5,"2":3,"3":5,"4":4,"5":5},"b":{"0":[2,3],"1":[1,2],"2":[3,2],"3":[1,2],"4":[1,1],"5":[2,3],"6":[5,4,3],"7":[1,2],"8":[1,1],"9":[1,0],"10":[1,0],"11":[1,3],"12":[1,2],"13":[2,3],"14":[5,4],"15":[1,4],"16":[0,2],"17":[2,1],"18":[1,0]},"meta":{"lastBranch":19,"lastFunction":6,"lastStatement":64,"seen":{"f:13:2:13:Infinity":0,"s:17:4:17:Infinity":0,"s:15:11:15:Infinity":1,"f:21:22:21:46":1,"b:22:2:23:Infinity:undefined:undefined:undefined:undefined":0,"s:22:2:23:Infinity":2,"s:23:4:23:Infinity":3,"s:26:19:26:72":4,"b:27:2:28:Infinity:undefined:undefined:undefined:undefined":1,"s:27:2:28:Infinity":5,"b:27:6:27:19:27:19:27:113":2,"s:28:4:28:Infinity":6,"s:31:18:31:28":7,"s:32:2:32:Infinity":8,"s:34:2:40:Infinity":9,"f:43:22:43:37":2,"b:44:2:45:Infinity:undefined:undefined:undefined:undefined":3,"s:44:2:45:Infinity":10,"s:45:4:45:Infinity":11,"s:48:21:51:4":12,"b:52:2:52:Infinity:undefined:undefined:undefined:undefined":4,"s:52:2:52:Infinity":13,"s:52:19:52:Infinity":14,"s:54:17:54:Infinity":15,"s:56:19:61:4":16,"s:63:18:63:28":17,"s:64:2:64:Infinity":18,"s:66:23:73:4":19,"s:75:2:83:Infinity":20,"f:86:22:86:36":3,"s:91:73:91:Infinity":21,"b:93:2:94:Infinity:undefined:undefined:undefined:undefined":5,"s:93:2:94:Infinity":22,"b:93:6:93:30:93:30:93:52:93:52:93:73":6,"s:94:4:94:Infinity":23,"s:97:8:97:105":24,"b:98:2:99:Infinity:undefined:undefined:undefined:undefined":7,"s:98:2:99:Infinity":25,"s:99:4:99:Infinity":26,"s:102:23:102:92":27,"b:103:2:104:Infinity:undefined:undefined:undefined:undefined":8,"s:103:2:104:Infinity":28,"s:104:4:104:Infinity":29,"s:107:21:107:76":30,"s:109:14:109:24":31,"s:110:18:110:28":32,"s:111:2:111:Infinity":33,"s:113:18:119:4":34,"b:115:19:115:40:115:40:115:Infinity":9,"s:121:2:130:Infinity":35,"b:129:19:129:40:129:40:129:Infinity":10,"s:132:2:132:Infinity":36,"f:135:22:135:41":4,"s:136:23:136:76":37,"b:137:2:138:Infinity:undefined:undefined:undefined:undefined":11,"s:137:2:138:Infinity":38,"s:138:4:138:Infinity":39,"b:141:2:142:Infinity:undefined:undefined:undefined:undefined":12,"s:141:2:142:Infinity":40,"s:142:4:142:Infinity":41,"s:145:2:148:Infinity":42,"f:151:22:151:36":5,"b:152:2:153:Infinity:undefined:undefined:undefined:undefined":13,"s:152:2:153:Infinity":43,"b:152:6:152:20:152:20:152:63":14,"s:153:4:153:Infinity":44,"s:156:16:156:35":45,"s:158:2:164:Infinity":46,"s:166:28:166:Infinity":47,"s:167:21:167:Infinity":48,"b:169:2:170:Infinity:undefined:undefined:undefined:undefined":15,"s:169:2:170:Infinity":49,"s:170:4:170:Infinity":50,"s:173:23:173:94":51,"b:174:2:175:Infinity:undefined:undefined:undefined:undefined":16,"s:174:2:175:Infinity":52,"s:175:4:175:Infinity":53,"b:179:4:189:Infinity:191:4:195:Infinity":17,"s:178:2:195:Infinity":54,"s:180:22:180:32":55,"s:181:6:181:Infinity":56,"s:182:6:188:Infinity":57,"b:184:23:184:44:184:44:184:Infinity":18,"s:189:6:189:Infinity":58,"s:192:6:194:Infinity":59,"s:195:6:195:Infinity":60,"s:199:2:202:Infinity":61,"s:204:2:204:Infinity":62,"s:207:30:213:Infinity":63}}}
,"/Users/anikets/go-p/fe_learning/tabletalk-api/src/services/campaign.service.ts": {"path":"/Users/anikets/go-p/fe_learning/tabletalk-api/src/services/campaign.service.ts","statementMap":{"0":{"start":{"line":11,"column":4},"end":{"line":11,"column":null}},"1":{"start":{"line":9,"column":11},"end":{"line":9,"column":null}},"2":{"start":{"line":15,"column":25},"end":{"line":15,"column":null}},"3":{"start":{"line":21,"column":2},"end":{"line":22,"column":null}},"4":{"start":{"line":22,"column":4},"end":{"line":22,"column":null}},"5":{"start":{"line":25,"column":24},"end":{"line":25,"column":80}},"6":{"start":{"line":26,"column":2},"end":{"line":27,"column":null}},"7":{"start":{"line":27,"column":4},"end":{"line":27,"column":null}},"8":{"start":{"line":30,"column":20},"end":{"line":30,"column":null}},"9":{"start":{"line":32,"column":2},"end":{"line":43,"column":null}},"10":{"start":{"line":47,"column":19},"end":{"line":50,"column":null}},"11":{"start":{"line":52,"column":2},"end":{"line":53,"column":null}},"12":{"start":{"line":53,"column":4},"end":{"line":53,"column":null}},"13":{"start":{"line":56,"column":24},"end":{"line":56,"column":75}},"14":{"start":{"line":57,"column":19},"end":{"line":62,"column":4}},"15":{"start":{"line":64,"column":2},"end":{"line":67,"column":null}},"16":{"start":{"line":69,"column":2},"end":{"line":76,"column":null}},"17":{"start":{"line":84,"column":73},"end":{"line":84,"column":null}},"18":{"start":{"line":86,"column":2},"end":{"line":87,"column":null}},"19":{"start":{"line":87,"column":4},"end":{"line":87,"column":null}},"20":{"start":{"line":90,"column":8},"end":{"line":90,"column":105}},"21":{"start":{"line":91,"column":2},"end":{"line":92,"column":null}},"22":{"start":{"line":92,"column":4},"end":{"line":92,"column":null}},"23":{"start":{"line":95,"column":19},"end":{"line":97,"column":4}},"24":{"start":{"line":98,"column":2},"end":{"line":98,"column":null}},"25":{"start":{"line":98,"column":17},"end":{"line":98,"column":null}},"26":{"start":{"line":100,"column":20},"end":{"line":103,"column":4}},"27":{"start":{"line":105,"column":2},"end":{"line":126,"column":null}},"28":{"start":{"line":106,"column":4},"end":{"line":116,"column":null}},"29":{"start":{"line":118,"column":4},"end":{"line":125,"column":null}},"30":{"start":{"line":119,"column":37},"end":{"line":124,"column":9}},"31":{"start":{"line":128,"column":2},"end":{"line":128,"column":null}},"32":{"start":{"line":130,"column":2},"end":{"line":130,"column":null}},"33":{"start":{"line":134,"column":2},"end":{"line":187,"column":null}},"34":{"start":{"line":135,"column":4},"end":{"line":185,"column":null}},"35":{"start":{"line":136,"column":25},"end":{"line":139,"column":8}},"36":{"start":{"line":141,"column":36},"end":{"line":141,"column":38}},"37":{"start":{"line":142,"column":38},"end":{"line":142,"column":40}},"38":{"start":{"line":143,"column":35},"end":{"line":143,"column":37}},"39":{"start":{"line":145,"column":6},"end":{"line":151,"column":null}},"40":{"start":{"line":146,"column":8},"end":{"line":151,"column":null}},"41":{"start":{"line":147,"column":10},"end":{"line":147,"column":null}},"42":{"start":{"line":148,"column":19},"end":{"line":151,"column":null}},"43":{"start":{"line":149,"column":10},"end":{"line":149,"column":null}},"44":{"start":{"line":151,"column":10},"end":{"line":151,"column":null}},"45":{"start":{"line":155,"column":18},"end":{"line":155,"column":28}},"46":{"start":{"line":157,"column":6},"end":{"line":180,"column":null}},"47":{"start":{"line":182,"column":6},"end":{"line":185,"column":null}},"48":{"start":{"line":190,"column":31},"end":{"line":195,"column":null}}},"fnMap":{"0":{"name":"(anonymous_0)","decl":{"start":{"line":7,"column":2},"end":{"line":7,"column":null}},"loc":{"start":{"line":10,"column":4},"end":{"line":9,"column":null}},"line":10},"1":{"name":"createDraft","decl":{"start":{"line":17,"column":22},"end":{"line":17,"column":null}},"loc":{"start":{"line":20,"column":2},"end":{"line":43,"column":null}},"line":20},"2":{"name":"checkout","decl":{"start":{"line":46,"column":22},"end":{"line":46,"column":31}},"loc":{"start":{"line":46,"column":88},"end":{"line":76,"column":null}},"line":46},"3":{"name":"verifyAndSend","decl":{"start":{"line":79,"column":22},"end":{"line":79,"column":null}},"loc":{"start":{"line":83,"column":2},"end":{"line":130,"column":null}},"line":83},"4":{"name":"(anonymous_4)","decl":{"start":{"line":105,"column":28},"end":{"line":105,"column":35}},"loc":{"start":{"line":105,"column":42},"end":{"line":126,"column":null}},"line":105},"5":{"name":"(anonymous_5)","decl":{"start":{"line":119,"column":22},"end":{"line":119,"column":27}},"loc":{"start":{"line":119,"column":37},"end":{"line":124,"column":9}},"line":119},"6":{"name":"simulateDelivery","decl":{"start":{"line":133,"column":22},"end":{"line":133,"column":39}},"loc":{"start":{"line":133,"column":59},"end":{"line":187,"column":null}},"line":133},"7":{"name":"(anonymous_7)","decl":{"start":{"line":134,"column":13},"end":{"line":134,"column":25}},"loc":{"start":{"line":134,"column":25},"end":{"line":187,"column":10}},"line":134}},"branchMap":{"0":{"loc":{"start":{"line":21,"column":2},"end":{"line":22,"column":null}},"type":"if","locations":[{"start":{"line":21,"column":2},"end":{"line":22,"column":null}},{"start":{},"end":{}}],"line":21},"1":{"loc":{"start":{"line":21,"column":6},"end":{"line":21,"column":50}},"type":"binary-expr","locations":[{"start":{"line":21,"column":6},"end":{"line":21,"column":25}},{"start":{"line":21,"column":29},"end":{"line":21,"column":50}}],"line":21},"2":{"loc":{"start":{"line":26,"column":2},"end":{"line":27,"column":null}},"type":"if","locations":[{"start":{"line":26,"column":2},"end":{"line":27,"column":null}},{"start":{},"end":{}}],"line":26},"3":{"loc":{"start":{"line":34,"column":11},"end":{"line":34,"column":null}},"type":"binary-expr","locations":[{"start":{"line":34,"column":11},"end":{"line":34,"column":24}},{"start":{"line":34,"column":24},"end":{"line":34,"column":null}}],"line":34},"4":{"loc":{"start":{"line":37,"column":14},"end":{"line":37,"column":null}},"type":"binary-expr","locations":[{"start":{"line":37,"column":14},"end":{"line":37,"column":31}},{"start":{"line":37,"column":31},"end":{"line":37,"column":null}}],"line":37},"5":{"loc":{"start":{"line":42,"column":17},"end":{"line":42,"column":null}},"type":"cond-expr","locations":[{"start":{"line":42,"column":36},"end":{"line":42,"column":62}},{"start":{"line":42,"column":65},"end":{"line":42,"column":null}}],"line":42},"6":{"loc":{"start":{"line":52,"column":2},"end":{"line":53,"column":null}},"type":"if","locations":[{"start":{"line":52,"column":2},"end":{"line":53,"column":null}},{"start":{},"end":{}}],"line":52},"7":{"loc":{"start":{"line":86,"column":2},"end":{"line":87,"column":null}},"type":"if","locations":[{"start":{"line":86,"column":2},"end":{"line":87,"column":null}},{"start":{},"end":{}}],"line":86},"8":{"loc":{"start":{"line":86,"column":6},"end":{"line":86,"column":73}},"type":"binary-expr","locations":[{"start":{"line":86,"column":6},"end":{"line":86,"column":30}},{"start":{"line":86,"column":30},"end":{"line":86,"column":52}},{"start":{"line":86,"column":52},"end":{"line":86,"column":73}}],"line":86},"9":{"loc":{"start":{"line":91,"column":2},"end":{"line":92,"column":null}},"type":"if","locations":[{"start":{"line":91,"column":2},"end":{"line":92,"column":null}},{"start":{},"end":{}}],"line":91},"10":{"loc":{"start":{"line":98,"column":2},"end":{"line":98,"column":null}},"type":"if","locations":[{"start":{"line":98,"column":2},"end":{"line":98,"column":null}},{"start":{},"end":{}}],"line":98},"11":{"loc":{"start":{"line":111,"column":10},"end":{"line":113,"column":null}},"type":"cond-expr","locations":[{"start":{"line":112,"column":14},"end":{"line":112,"column":null}},{"start":{"line":113,"column":14},"end":{"line":113,"column":null}}],"line":111},"12":{"loc":{"start":{"line":111,"column":10},"end":{"line":111,"column":77}},"type":"binary-expr","locations":[{"start":{"line":111,"column":10},"end":{"line":111,"column":34}},{"start":{"line":111,"column":34},"end":{"line":111,"column":77}}],"line":111},"13":{"loc":{"start":{"line":114,"column":16},"end":{"line":114,"column":null}},"type":"cond-expr","locations":[{"start":{"line":114,"column":39},"end":{"line":114,"column":46}},{"start":{"line":114,"column":46},"end":{"line":114,"column":null}}],"line":114},"14":{"loc":{"start":{"line":146,"column":8},"end":{"line":151,"column":null}},"type":"if","locations":[{"start":{"line":146,"column":8},"end":{"line":151,"column":null}},{"start":{"line":148,"column":19},"end":{"line":151,"column":null}}],"line":146},"15":{"loc":{"start":{"line":148,"column":19},"end":{"line":151,"column":null}},"type":"if","locations":[{"start":{"line":148,"column":19},"end":{"line":151,"column":null}},{"start":{"line":150,"column":15},"end":{"line":151,"column":null}}],"line":148},"16":{"loc":{"start":{"line":158,"column":12},"end":{"line":163,"column":14}},"type":"cond-expr","locations":[{"start":{"line":159,"column":12},"end":{"line":162,"column":15}},{"start":{"line":163,"column":12},"end":{"line":163,"column":14}}],"line":158},"17":{"loc":{"start":{"line":164,"column":12},"end":{"line":169,"column":14}},"type":"cond-expr","locations":[{"start":{"line":165,"column":12},"end":{"line":168,"column":15}},{"start":{"line":169,"column":12},"end":{"line":169,"column":14}}],"line":164},"18":{"loc":{"start":{"line":170,"column":12},"end":{"line":175,"column":14}},"type":"cond-expr","locations":[{"start":{"line":171,"column":12},"end":{"line":174,"column":15}},{"start":{"line":175,"column":12},"end":{"line":175,"column":14}}],"line":170}},"s":{"0":7,"1":7,"2":1,"3":9,"4":2,"5":7,"6":7,"7":1,"8":6,"9":6,"10":3,"11":3,"12":1,"13":2,"14":2,"15":2,"16":2,"17":5,"18":5,"19":1,"20":4,"21":4,"22":1,"23":3,"24":3,"25":1,"26":2,"27":2,"28":2,"29":2,"30":3,"31":2,"32":2,"33":2,"34":0,"35":0,"36":0,"37":0,"38":0,"39":0,"40":0,"41":0,"42":0,"43":0,"44":0,"45":0,"46":0,"47":0,"48":1},"f":{"0":7,"1":9,"2":3,"3":5,"4":2,"5":3,"6":2,"7":0},"b":{"0":[2,7],"1":[9,8],"2":[1,6],"3":[6,5],"4":[9,5],"5":[1,5],"6":[1,2],"7":[1,4],"8":[5,4,4],"9":[1,3],"10":[1,2],"11":[1,1],"12":[2,1],"13":[1,1],"14":[0,0],"15":[0,0],"16":[0,0],"17":[0,0],"18":[0,0]},"meta":{"lastBranch":19,"lastFunction":8,"lastStatement":49,"seen":{"f:7:2:7:Infinity":0,"s:11:4:11:Infinity":0,"s:9:11:9:Infinity":1,"s:15:25:15:Infinity":2,"f:17:22:17:Infinity":1,"b:21:2:22:Infinity:undefined:undefined:undefined:undefined":0,"s:21:2:22:Infinity":3,"b:21:6:21:25:21:29:21:50":1,"s:22:4:22:Infinity":4,"s:25:24:25:80":5,"b:26:2:27:Infinity:undefined:undefined:undefined:undefined":2,"s:26:2:27:Infinity":6,"s:27:4:27:Infinity":7,"s:30:20:30:Infinity":8,"s:32:2:43:Infinity":9,"b:34:11:34:24:34:24:34:Infinity":3,"b:37:14:37:31:37:31:37:Infinity":4,"b:42:36:42:62:42:65:42:Infinity":5,"f:46:22:46:31":2,"s:47:19:50:Infinity":10,"b:52:2:53:Infinity:undefined:undefined:undefined:undefined":6,"s:52:2:53:Infinity":11,"s:53:4:53:Infinity":12,"s:56:24:56:75":13,"s:57:19:62:4":14,"s:64:2:67:Infinity":15,"s:69:2:76:Infinity":16,"f:79:22:79:Infinity":3,"s:84:73:84:Infinity":17,"b:86:2:87:Infinity:undefined:undefined:undefined:undefined":7,"s:86:2:87:Infinity":18,"b:86:6:86:30:86:30:86:52:86:52:86:73":8,"s:87:4:87:Infinity":19,"s:90:8:90:105":20,"b:91:2:92:Infinity:undefined:undefined:undefined:undefined":9,"s:91:2:92:Infinity":21,"s:92:4:92:Infinity":22,"s:95:19:97:4":23,"b:98:2:98:Infinity:undefined:undefined:undefined:undefined":10,"s:98:2:98:Infinity":24,"s:98:17:98:Infinity":25,"s:100:20:103:4":26,"s:105:2:126:Infinity":27,"f:105:28:105:35":4,"s:106:4:116:Infinity":28,"b:112:14:112:Infinity:113:14:113:Infinity":11,"b:111:10:111:34:111:34:111:77":12,"b:114:39:114:46:114:46:114:Infinity":13,"s:118:4:125:Infinity":29,"f:119:22:119:27":5,"s:119:37:124:9":30,"s:128:2:128:Infinity":31,"s:130:2:130:Infinity":32,"f:133:22:133:39":6,"s:134:2:187:Infinity":33,"f:134:13:134:25":7,"s:135:4:185:Infinity":34,"s:136:25:139:8":35,"s:141:36:141:38":36,"s:142:38:142:40":37,"s:143:35:143:37":38,"s:145:6:151:Infinity":39,"b:146:8:151:Infinity:148:19:151:Infinity":14,"s:146:8:151:Infinity":40,"s:147:10:147:Infinity":41,"b:148:19:151:Infinity:150:15:151:Infinity":15,"s:148:19:151:Infinity":42,"s:149:10:149:Infinity":43,"s:151:10:151:Infinity":44,"s:155:18:155:28":45,"s:157:6:180:Infinity":46,"b:159:12:162:15:163:12:163:14":16,"b:165:12:168:15:169:12:169:14":17,"b:171:12:174:15:175:12:175:14":18,"s:182:6:185:Infinity":47,"s:190:31:195:Infinity":48}}}
,"/Users/anikets/go-p/fe_learning/tabletalk-api/src/services/dashboard.service.ts": {"path":"/Users/anikets/go-p/fe_learning/tabletalk-api/src/services/dashboard.service.ts","statementMap":{"0":{"start":{"line":6,"column":19},"end":{"line":10,"column":4}},"1":{"start":{"line":12,"column":18},"end":{"line":12,"column":null}},"2":{"start":{"line":13,"column":16},"end":{"line":13,"column":null}},"3":{"start":{"line":14,"column":19},"end":{"line":14,"column":null}},"4":{"start":{"line":16,"column":38},"end":{"line":19,"column":4}},"5":{"start":{"line":21,"column":20},"end":{"line":21,"column":30}},"6":{"start":{"line":22,"column":2},"end":{"line":22,"column":null}},"7":{"start":{"line":23,"column":2},"end":{"line":23,"column":null}},"8":{"start":{"line":25,"column":21},"end":{"line":28,"column":4}},"9":{"start":{"line":30,"column":33},"end":{"line":30,"column":35}},"10":{"start":{"line":31,"column":36},"end":{"line":31,"column":38}},"11":{"start":{"line":32,"column":30},"end":{"line":32,"column":32}},"12":{"start":{"line":33,"column":2},"end":{"line":42,"column":null}},"13":{"start":{"line":33,"column":15},"end":{"line":33,"column":18}},"14":{"start":{"line":34,"column":14},"end":{"line":34,"column":24}},"15":{"start":{"line":35,"column":4},"end":{"line":35,"column":null}},"16":{"start":{"line":36,"column":4},"end":{"line":36,"column":null}},"17":{"start":{"line":37,"column":17},"end":{"line":37,"column":28}},"18":{"start":{"line":38,"column":4},"end":{"line":38,"column":null}},"19":{"start":{"line":39,"column":22},"end":{"line":39,"column":119}},"20":{"start":{"line":39,"column":82},"end":{"line":39,"column":119}},"21":{"start":{"line":40,"column":4},"end":{"line":40,"column":null}},"22":{"start":{"line":40,"column":78},"end":{"line":40,"column":93}},"23":{"start":{"line":41,"column":4},"end":{"line":41,"column":null}},"24":{"start":{"line":42,"column":4},"end":{"line":42,"column":null}},"25":{"start":{"line":44,"column":24},"end":{"line":44,"column":63}},"26":{"start":{"line":44,"column":54},"end":{"line":44,"column":61}},"27":{"start":{"line":46,"column":24},"end":{"line":49,"column":4}},"28":{"start":{"line":51,"column":45},"end":{"line":51,"column":47}},"29":{"start":{"line":52,"column":2},"end":{"line":54,"column":null}},"30":{"start":{"line":53,"column":4},"end":{"line":53,"column":null}},"31":{"start":{"line":55,"column":19},"end":{"line":58,"column":46}},"32":{"start":{"line":56,"column":20},"end":{"line":56,"column":32}},"33":{"start":{"line":58,"column":29},"end":{"line":58,"column":46}},"34":{"start":{"line":60,"column":2},"end":{"line":71,"column":null}},"35":{"start":{"line":74,"column":32},"end":{"line":75,"column":null}}},"fnMap":{"0":{"name":"getStats","decl":{"start":{"line":5,"column":22},"end":{"line":5,"column":31}},"loc":{"start":{"line":5,"column":53},"end":{"line":71,"column":null}},"line":5},"1":{"name":"(anonymous_1)","decl":{"start":{"line":39,"column":33},"end":{"line":39,"column":41}},"loc":{"start":{"line":39,"column":82},"end":{"line":39,"column":119}},"line":39},"2":{"name":"(anonymous_2)","decl":{"start":{"line":40,"column":32},"end":{"line":40,"column":40}},"loc":{"start":{"line":40,"column":78},"end":{"line":40,"column":93}},"line":40},"3":{"name":"(anonymous_3)","decl":{"start":{"line":44,"column":37},"end":{"line":44,"column":45}},"loc":{"start":{"line":44,"column":54},"end":{"line":44,"column":61}},"line":44},"4":{"name":"(anonymous_4)","decl":{"start":{"line":52,"column":16},"end":{"line":52,"column":25}},"loc":{"start":{"line":52,"column":82},"end":{"line":54,"column":null}},"line":52},"5":{"name":"(anonymous_5)","decl":{"start":{"line":56,"column":5},"end":{"line":56,"column":11}},"loc":{"start":{"line":56,"column":20},"end":{"line":56,"column":32}},"line":56},"6":{"name":"(anonymous_6)","decl":{"start":{"line":58,"column":5},"end":{"line":58,"column":10}},"loc":{"start":{"line":58,"column":29},"end":{"line":58,"column":46}},"line":58}},"branchMap":{"0":{"loc":{"start":{"line":12,"column":18},"end":{"line":12,"column":null}},"type":"binary-expr","locations":[{"start":{"line":12,"column":18},"end":{"line":12,"column":41}},{"start":{"line":12,"column":41},"end":{"line":12,"column":null}}],"line":12},"1":{"loc":{"start":{"line":14,"column":19},"end":{"line":14,"column":null}},"type":"cond-expr","locations":[{"start":{"line":14,"column":31},"end":{"line":14,"column":58}},{"start":{"line":14,"column":61},"end":{"line":14,"column":null}}],"line":14},"2":{"loc":{"start":{"line":39,"column":82},"end":{"line":39,"column":119}},"type":"binary-expr","locations":[{"start":{"line":39,"column":82},"end":{"line":39,"column":101}},{"start":{"line":39,"column":101},"end":{"line":39,"column":119}}],"line":39},"3":{"loc":{"start":{"line":53,"column":36},"end":{"line":53,"column":73}},"type":"binary-expr","locations":[{"start":{"line":53,"column":36},"end":{"line":53,"column":68}},{"start":{"line":53,"column":68},"end":{"line":53,"column":73}}],"line":53}},"s":{"0":3,"1":3,"2":3,"3":3,"4":3,"5":3,"6":3,"7":3,"8":3,"9":3,"10":3,"11":3,"12":3,"13":3,"14":21,"15":21,"16":21,"17":21,"18":21,"19":21,"20":21,"21":21,"22":3,"23":21,"24":21,"25":21,"26":21,"27":21,"28":3,"29":3,"30":13,"31":3,"32":10,"33":7,"34":3,"35":1},"f":{"0":3,"1":21,"2":3,"3":21,"4":13,"5":10,"6":7},"b":{"0":[3,2],"1":[1,2],"2":[21,21],"3":[13,12]},"meta":{"lastBranch":4,"lastFunction":7,"lastStatement":36,"seen":{"f:5:22:5:31":0,"s:6:19:10:4":0,"s:12:18:12:Infinity":1,"b:12:18:12:41:12:41:12:Infinity":0,"s:13:16:13:Infinity":2,"s:14:19:14:Infinity":3,"b:14:31:14:58:14:61:14:Infinity":1,"s:16:38:19:4":4,"s:21:20:21:30":5,"s:22:2:22:Infinity":6,"s:23:2:23:Infinity":7,"s:25:21:28:4":8,"s:30:33:30:35":9,"s:31:36:31:38":10,"s:32:30:32:32":11,"s:33:2:42:Infinity":12,"s:33:15:33:18":13,"s:34:14:34:24":14,"s:35:4:35:Infinity":15,"s:36:4:36:Infinity":16,"s:37:17:37:28":17,"s:38:4:38:Infinity":18,"s:39:22:39:119":19,"f:39:33:39:41":1,"s:39:82:39:119":20,"b:39:82:39:101:39:101:39:119":2,"s:40:4:40:Infinity":21,"f:40:32:40:40":2,"s:40:78:40:93":22,"s:41:4:41:Infinity":23,"s:42:4:42:Infinity":24,"s:44:24:44:63":25,"f:44:37:44:45":3,"s:44:54:44:61":26,"s:46:24:49:4":27,"s:51:45:51:47":28,"s:52:2:54:Infinity":29,"f:52:16:52:25":4,"s:53:4:53:Infinity":30,"b:53:36:53:68:53:68:53:73":3,"s:55:19:58:46":31,"f:56:5:56:11":5,"s:56:20:56:32":32,"f:58:5:58:10":6,"s:58:29:58:46":33,"s:60:2:71:Infinity":34,"s:74:32:75:Infinity":35}}}
,"/Users/anikets/go-p/fe_learning/tabletalk-api/src/services/menu.service.ts": {"path":"/Users/anikets/go-p/fe_learning/tabletalk-api/src/services/menu.service.ts","statementMap":{"0":{"start":{"line":9,"column":4},"end":{"line":9,"column":null}},"1":{"start":{"line":7,"column":11},"end":{"line":7,"column":null}},"2":{"start":{"line":17,"column":2},"end":{"line":18,"column":null}},"3":{"start":{"line":18,"column":4},"end":{"line":18,"column":null}},"4":{"start":{"line":21,"column":19},"end":{"line":21,"column":100}},"5":{"start":{"line":22,"column":2},"end":{"line":22,"column":null}},"6":{"start":{"line":22,"column":17},"end":{"line":22,"column":null}},"7":{"start":{"line":24,"column":2},"end":{"line":31,"column":null}},"8":{"start":{"line":35,"column":40},"end":{"line":35,"column":42}},"9":{"start":{"line":36,"column":2},"end":{"line":36,"column":null}},"10":{"start":{"line":36,"column":31},"end":{"line":36,"column":null}},"11":{"start":{"line":37,"column":2},"end":{"line":37,"column":null}},"12":{"start":{"line":37,"column":38},"end":{"line":37,"column":null}},"13":{"start":{"line":38,"column":2},"end":{"line":43,"column":null}},"14":{"start":{"line":39,"column":18},"end":{"line":39,"column":36}},"15":{"start":{"line":40,"column":4},"end":{"line":41,"column":null}},"16":{"start":{"line":41,"column":6},"end":{"line":41,"column":null}},"17":{"start":{"line":43,"column":4},"end":{"line":43,"column":null}},"18":{"start":{"line":45,"column":2},"end":{"line":49,"column":null}},"19":{"start":{"line":46,"column":4},"end":{"line":47,"column":null}},"20":{"start":{"line":47,"column":6},"end":{"line":47,"column":null}},"21":{"start":{"line":49,"column":4},"end":{"line":49,"column":null}},"22":{"start":{"line":51,"column":2},"end":{"line":51,"column":null}},"23":{"start":{"line":51,"column":36},"end":{"line":51,"column":null}},"24":{"start":{"line":52,"column":2},"end":{"line":52,"column":null}},"25":{"start":{"line":56,"column":2},"end":{"line":57,"column":null}},"26":{"start":{"line":57,"column":4},"end":{"line":57,"column":null}},"27":{"start":{"line":60,"column":18},"end":{"line":60,"column":69}},"28":{"start":{"line":62,"column":2},"end":{"line":67,"column":null}},"29":{"start":{"line":70,"column":27},"end":{"line":74,"column":null}}},"fnMap":{"0":{"name":"(anonymous_0)","decl":{"start":{"line":5,"column":2},"end":{"line":5,"column":null}},"loc":{"start":{"line":8,"column":4},"end":{"line":7,"column":null}},"line":8},"1":{"name":"createItem","decl":{"start":{"line":13,"column":22},"end":{"line":13,"column":null}},"loc":{"start":{"line":16,"column":2},"end":{"line":31,"column":null}},"line":16},"2":{"name":"validateItemUpdate","decl":{"start":{"line":34,"column":16},"end":{"line":34,"column":35}},"loc":{"start":{"line":34,"column":103},"end":{"line":52,"column":null}},"line":34},"3":{"name":"createCategory","decl":{"start":{"line":55,"column":22},"end":{"line":55,"column":37}},"loc":{"start":{"line":55,"column":89},"end":{"line":67,"column":null}},"line":55}},"branchMap":{"0":{"loc":{"start":{"line":17,"column":2},"end":{"line":18,"column":null}},"type":"if","locations":[{"start":{"line":17,"column":2},"end":{"line":18,"column":null}},{"start":{},"end":{}}],"line":17},"1":{"loc":{"start":{"line":17,"column":6},"end":{"line":17,"column":53}},"type":"binary-expr","locations":[{"start":{"line":17,"column":6},"end":{"line":17,"column":20}},{"start":{"line":17,"column":20},"end":{"line":17,"column":35}},{"start":{"line":17,"column":35},"end":{"line":17,"column":53}}],"line":17},"2":{"loc":{"start":{"line":22,"column":2},"end":{"line":22,"column":null}},"type":"if","locations":[{"start":{"line":22,"column":2},"end":{"line":22,"column":null}},{"start":{},"end":{}}],"line":22},"3":{"loc":{"start":{"line":26,"column":17},"end":{"line":26,"column":null}},"type":"binary-expr","locations":[{"start":{"line":26,"column":17},"end":{"line":26,"column":37}},{"start":{"line":26,"column":37},"end":{"line":26,"column":null}}],"line":26},"4":{"loc":{"start":{"line":28,"column":11},"end":{"line":28,"column":null}},"type":"binary-expr","locations":[{"start":{"line":28,"column":11},"end":{"line":28,"column":24}},{"start":{"line":28,"column":24},"end":{"line":28,"column":null}}],"line":28},"5":{"loc":{"start":{"line":36,"column":2},"end":{"line":36,"column":null}},"type":"if","locations":[{"start":{"line":36,"column":2},"end":{"line":36,"column":null}},{"start":{},"end":{}}],"line":36},"6":{"loc":{"start":{"line":37,"column":2},"end":{"line":37,"column":null}},"type":"if","locations":[{"start":{"line":37,"column":2},"end":{"line":37,"column":null}},{"start":{},"end":{}}],"line":37},"7":{"loc":{"start":{"line":38,"column":2},"end":{"line":43,"column":null}},"type":"if","locations":[{"start":{"line":38,"column":2},"end":{"line":43,"column":null}},{"start":{},"end":{}}],"line":38},"8":{"loc":{"start":{"line":40,"column":4},"end":{"line":41,"column":null}},"type":"if","locations":[{"start":{"line":40,"column":4},"end":{"line":41,"column":null}},{"start":{},"end":{}}],"line":40},"9":{"loc":{"start":{"line":40,"column":8},"end":{"line":40,"column":53}},"type":"binary-expr","locations":[{"start":{"line":40,"column":8},"end":{"line":40,"column":20}},{"start":{"line":40,"column":24},"end":{"line":40,"column":37}},{"start":{"line":40,"column":37},"end":{"line":40,"column":53}}],"line":40},"10":{"loc":{"start":{"line":45,"column":2},"end":{"line":49,"column":null}},"type":"if","locations":[{"start":{"line":45,"column":2},"end":{"line":49,"column":null}},{"start":{},"end":{}}],"line":45},"11":{"loc":{"start":{"line":46,"column":4},"end":{"line":47,"column":null}},"type":"if","locations":[{"start":{"line":46,"column":4},"end":{"line":47,"column":null}},{"start":{},"end":{}}],"line":46},"12":{"loc":{"start":{"line":51,"column":2},"end":{"line":51,"column":null}},"type":"if","locations":[{"start":{"line":51,"column":2},"end":{"line":51,"column":null}},{"start":{},"end":{}}],"line":51},"13":{"loc":{"start":{"line":56,"column":2},"end":{"line":57,"column":null}},"type":"if","locations":[{"start":{"line":56,"column":2},"end":{"line":57,"column":null}},{"start":{},"end":{}}],"line":56},"14":{"loc":{"start":{"line":64,"column":11},"end":{"line":64,"column":null}},"type":"binary-expr","locations":[{"start":{"line":64,"column":11},"end":{"line":64,"column":20}},{"start":{"line":64,"column":20},"end":{"line":64,"column":null}}],"line":64},"15":{"loc":{"start":{"line":65,"column":16},"end":{"line":65,"column":44}},"type":"binary-expr","locations":[{"start":{"line":65,"column":16},"end":{"line":65,"column":38}},{"start":{"line":65,"column":38},"end":{"line":65,"column":44}}],"line":65}},"s":{"0":9,"1":9,"2":5,"3":2,"4":3,"5":3,"6":1,"7":2,"8":9,"9":9,"10":2,"11":9,"12":1,"13":9,"14":4,"15":4,"16":3,"17":1,"18":6,"19":2,"20":1,"21":1,"22":5,"23":5,"24":5,"25":5,"26":2,"27":3,"28":3,"29":1},"f":{"0":9,"1":5,"2":9,"3":5},"b":{"0":[2,3],"1":[5,4,3],"2":[1,2],"3":[2,2],"4":[5,1],"5":[2,7],"6":[1,8],"7":[4,5],"8":[3,1],"9":[4,3,2],"10":[2,4],"11":[1,1],"12":[2,3],"13":[2,3],"14":[3,2],"15":[5,2]},"meta":{"lastBranch":16,"lastFunction":4,"lastStatement":30,"seen":{"f:5:2:5:Infinity":0,"s:9:4:9:Infinity":0,"s:7:11:7:Infinity":1,"f:13:22:13:Infinity":1,"b:17:2:18:Infinity:undefined:undefined:undefined:undefined":0,"s:17:2:18:Infinity":2,"b:17:6:17:20:17:20:17:35:17:35:17:53":1,"s:18:4:18:Infinity":3,"s:21:19:21:100":4,"b:22:2:22:Infinity:undefined:undefined:undefined:undefined":2,"s:22:2:22:Infinity":5,"s:22:17:22:Infinity":6,"s:24:2:31:Infinity":7,"b:26:17:26:37:26:37:26:Infinity":3,"b:28:11:28:24:28:24:28:Infinity":4,"f:34:16:34:35":2,"s:35:40:35:42":8,"b:36:2:36:Infinity:undefined:undefined:undefined:undefined":5,"s:36:2:36:Infinity":9,"s:36:31:36:Infinity":10,"b:37:2:37:Infinity:undefined:undefined:undefined:undefined":6,"s:37:2:37:Infinity":11,"s:37:38:37:Infinity":12,"b:38:2:43:Infinity:undefined:undefined:undefined:undefined":7,"s:38:2:43:Infinity":13,"s:39:18:39:36":14,"b:40:4:41:Infinity:undefined:undefined:undefined:undefined":8,"s:40:4:41:Infinity":15,"b:40:8:40:20:40:24:40:37:40:37:40:53":9,"s:41:6:41:Infinity":16,"s:43:4:43:Infinity":17,"b:45:2:49:Infinity:undefined:undefined:undefined:undefined":10,"s:45:2:49:Infinity":18,"b:46:4:47:Infinity:undefined:undefined:undefined:undefined":11,"s:46:4:47:Infinity":19,"s:47:6:47:Infinity":20,"s:49:4:49:Infinity":21,"b:51:2:51:Infinity:undefined:undefined:undefined:undefined":12,"s:51:2:51:Infinity":22,"s:51:36:51:Infinity":23,"s:52:2:52:Infinity":24,"f:55:22:55:37":3,"b:56:2:57:Infinity:undefined:undefined:undefined:undefined":13,"s:56:2:57:Infinity":25,"s:57:4:57:Infinity":26,"s:60:18:60:69":27,"s:62:2:67:Infinity":28,"b:64:11:64:20:64:20:64:Infinity":14,"b:65:16:65:38:65:38:65:44":15,"s:70:27:74:Infinity":29}}}
[...]
"locations":[{"start":{"line":50,"column":2},"end":{"line":51,"column":null}},{"start":{},"end":{}}],"line":50},"6":{"loc":{"start":{"line":50,"column":6},"end":{"line":50,"column":67}},"type":"binary-expr","locations":[{"start":{"line":50,"column":6},"end":{"line":50,"column":44}},{"start":{"line":50,"column":44},"end":{"line":50,"column":67}}],"line":50},"7":{"loc":{"start":{"line":62,"column":2},"end":{"line":66,"column":null}},"type":"if","locations":[{"start":{"line":62,"column":2},"end":{"line":66,"column":null}},{"start":{},"end":{}}],"line":62},"8":{"loc":{"start":{"line":64,"column":4},"end":{"line":66,"column":null}},"type":"if","locations":[{"start":{"line":64,"column":4},"end":{"line":66,"column":null}},{"start":{},"end":{}}],"line":64},"9":{"loc":{"start":{"line":71,"column":2},"end":{"line":79,"column":null}},"type":"if","locations":[{"start":{"line":71,"column":2},"end":{"line":79,"column":null}},{"start":{},"end":{}}],"line":71},"10":{"loc":{"start":{"line":71,"column":6},"end":{"line":71,"column":48}},"type":"binary-expr","locations":[{"start":{"line":71,"column":6},"end":{"line":71,"column":29}},{"start":{"line":71,"column":29},"end":{"line":71,"column":48}}],"line":71},"11":{"loc":{"start":{"line":75,"column":12},"end":{"line":75,"column":null}},"type":"binary-expr","locations":[{"start":{"line":75,"column":12},"end":{"line":75,"column":34}},{"start":{"line":75,"column":34},"end":{"line":75,"column":null}}],"line":75},"12":{"loc":{"start":{"line":78,"column":4},"end":{"line":79,"column":null}},"type":"if","locations":[{"start":{"line":78,"column":4},"end":{"line":79,"column":null}},{"start":{},"end":{}}],"line":78},"13":{"loc":{"start":{"line":104,"column":2},"end":{"line":105,"column":null}},"type":"if","locations":[{"start":{"line":104,"column":2},"end":{"line":105,"column":null}},{"start":{},"end":{}}],"line":104},"14":{"loc":{"start":{"line":104,"column":6},"end":{"line":104,"column":33}},"type":"binary-expr","locations":[{"start":{"line":104,"column":6},"end":{"line":104,"column":16}},{"start":{"line":104,"column":16},"end":{"line":104,"column":33}}],"line":104},"15":{"loc":{"start":{"line":107,"column":2},"end":{"line":112,"column":null}},"type":"if","locations":[{"start":{"line":107,"column":2},"end":{"line":112,"column":null}},{"start":{},"end":{}}],"line":107},"16":{"loc":{"start":{"line":123,"column":2},"end":{"line":124,"column":null}},"type":"if","locations":[{"start":{"line":123,"column":2},"end":{"line":124,"column":null}},{"start":{},"end":{}}],"line":123},"17":{"loc":{"start":{"line":145,"column":10},"end":{"line":145,"column":null}},"type":"binary-expr","locations":[{"start":{"line":145,"column":10},"end":{"line":145,"column":26}},{"start":{"line":145,"column":26},"end":{"line":145,"column":null}}],"line":145},"18":{"loc":{"start":{"line":154,"column":18},"end":{"line":154,"column":null}},"type":"binary-expr","locations":[{"start":{"line":154,"column":18},"end":{"line":154,"column":34}},{"start":{"line":154,"column":34},"end":{"line":154,"column":null}}],"line":154},"19":{"loc":{"start":{"line":156,"column":17},"end":{"line":156,"column":null}},"type":"binary-expr","locations":[{"start":{"line":156,"column":17},"end":{"line":156,"column":32}},{"start":{"line":156,"column":32},"end":{"line":156,"column":null}}],"line":156}},"s":{"0":1,"1":4,"2":4,"3":2,"4":2,"5":4,"6":2,"7":2,"8":4,"9":1,"10":13,"11":13,"12":9,"13":4,"14":8,"15":8,"16":6,"17":8,"18":1,"19":8,"20":6,"21":5,"22":5,"23":4,"24":4,"25":6,"26":2,"27":2,"28":1,"29":5,"30":5,"31":5,"32":5,"33":5,"34":6,"35":6,"36":6,"37":2,"38":4,"39":1,"40":3,"41":3,"42":3,"43":4,"44":3,"45":3,"46":1,"47":2,"48":3,"49":2,"50":2,"51":3,"52":3,"53":3,"54":3,"55":2,"56":2,"57":2,"58":2,"59":2,"60":2,"61":2,"62":2,"63":2,"64":4,"65":4,"66":4,"67":1},"f":{"0":4,"1":13,"2":8,"3":6,"4":5,"5":6,"6":4,"7":3,"8":3,"9":4},"b":{"0":[2,2],"1":[2,2],"2":[9,4],"3":[13,9],"4":[6,2],"5":[1,7],"6":[8,2],"7":[5,1],"8":[4,1],"9":[2,4],"10":[6,3],"11":[2,1],"12":[1,1],"13":[2,4],"14":[6,5],"15":[1,3],"16":[1,2],"17":[2,1],"18":[2,1],"19":[6,1]},"meta":{"lastBranch":20,"lastFunction":10,"lastStatement":68,"seen":{"s:7:52:12:Infinity":0,"f:14:16:14:32":0,"s:15:43:15:45":1,"b:16:2:18:Infinity:undefined:undefined:undefined:undefined":0,"s:16:2:18:Infinity":2,"s:17:22:17:49":3,"s:18:4:18:Infinity":4,"b:20:2:22:Infinity:undefined:undefined:undefined:undefined":1,"s:20:2:22:Infinity":5,"s:21:22:21:47":6,"s:22:4:22:Infinity":7,"s:24:2:24:Infinity":8,"s:27:51:32:Infinity":9,"f:34:16:34:41":1,"s:35:18:35:Infinity":10,"b:36:2:37:Infinity:undefined:undefined:undefined:undefined":2,"s:36:2:37:Infinity":11,"b:36:6:36:18:36:18:36:46":3,"s:37:4:37:Infinity":12,"s:39:2:39:Infinity":13,"f:42:16:42:Infinity":2,"s:46:46:46:67":14,"b:47:2:48:Infinity:undefined:undefined:undefined:undefined":4,"s:47:2:48:Infinity":15,"s:48:4:48:Infinity":16,"b:50:2:51:Infinity:undefined:undefined:undefined:undefined":5,"s:50:2:51:Infinity":17,"b:50:6:50:44:50:44:50:67":6,"s:51:4:51:Infinity":18,"s:53:2:53:Infinity":19,"f:56:22:56:Infinity":3,"b:62:2:66:Infinity:undefined:undefined:undefined:undefined":7,"s:62:2:66:Infinity":20,"s:63:24:63:96":21,"b:64:4:66:Infinity:undefined:undefined:undefined:undefined":8,"s:64:4:66:Infinity":22,"s:65:6:65:Infinity":23,"s:66:6:66:Infinity":24,"b:71:2:79:Infinity:undefined:undefined:undefined:undefined":9,"s:71:2:79:Infinity":25,"b:71:6:71:29:71:29:71:48":10,"s:72:23:77:6":26,"b:75:12:75:34:75:34:75:Infinity":11,"b:78:4:79:Infinity:undefined:undefined:undefined:undefined":12,"s:78:4:79:Infinity":27,"s:79:6:79:Infinity":28,"s:82:2:82:Infinity":29,"f:85:22:85:40":4,"s:86:21:86:Infinity":30,"s:87:22:87:75":31,"s:88:18:88:Infinity":32,"s:89:2:89:Infinity":33,"f:100:22:100:34":5,"s:101:71:101:Infinity":34,"s:103:16:103:59":35,"b:104:2:105:Infinity:undefined:undefined:undefined:undefined":13,"s:104:2:105:Infinity":36,"b:104:6:104:16:104:16:104:33":14,"s:105:4:105:Infinity":37,"b:107:2:112:Infinity:undefined:undefined:undefined:undefined":15,"s:107:2:112:Infinity":38,"s:108:4:112:Infinity":39,"s:115:23:115:Infinity":40,"s:118:21:118:Infinity":41,"s:119:22:119:52":42,"f:119:28:119:33":6,"s:119:39:119:52":43,"s:120:20:122:4":44,"b:123:2:124:Infinity:undefined:undefined:undefined:undefined":16,"s:123:2:124:Infinity":45,"s:124:4:124:Infinity":46,"s:127:19:127:68":47,"f:127:37:127:42":7,"s:127:49:127:66":48,"s:129:17:129:Infinity":49,"s:130:21:135:Infinity":50,"f:130:27:130:32":8,"s:131:22:131:48":51,"s:132:16:132:46":52,"s:133:4:133:Infinity":53,"s:134:4:134:Infinity":54,"s:137:14:137:Infinity":55,"s:138:16:138:Infinity":56,"s:140:20:140:57":57,"s:142:21:147:4":58,"b:145:10:145:26:145:26:145:Infinity":17,"s:149:16:162:4":59,"b:154:18:154:34:154:34:154:Infinity":18,"b:156:17:156:32:156:32:156:Infinity":19,"s:164:2:164:Infinity":60,"s:166:2:166:Infinity":61,"s:167:2:167:Infinity":62,"s:169:2:169:Infinity":63,"f:173:2:173:Infinity":9,"s:178:4:178:Infinity":64,"s:175:11:175:Infinity":65,"s:176:11:176:Infinity":66,"s:182:28:190:Infinity":67}}}
,"/Users/anikets/go-p/fe_learning/tabletalk-api/src/services/restaurant.service.ts": {"path":"/Users/anikets/go-p/fe_learning/tabletalk-api/src/services/restaurant.service.ts","statementMap":{"0":{"start":{"line":4,"column":16},"end":{"line":4,"column":null}},"1":{"start":{"line":6,"column":18},"end":{"line":6,"column":59}},"2":{"start":{"line":7,"column":15},"end":{"line":7,"column":null}},"3":{"start":{"line":8,"column":4},"end":{"line":9,"column":null}},"4":{"start":{"line":8,"column":17},"end":{"line":8,"column":20}},"5":{"start":{"line":9,"column":6},"end":{"line":9,"column":null}},"6":{"start":{"line":11,"column":4},"end":{"line":11,"column":null}},"7":{"start":{"line":14,"column":13},"end":{"line":14,"column":27}},"8":{"start":{"line":15,"column":17},"end":{"line":15,"column":null}},"9":{"start":{"line":16,"column":2},"end":{"line":20,"column":null}},"10":{"start":{"line":17,"column":21},"end":{"line":17,"column":64}},"11":{"start":{"line":18,"column":4},"end":{"line":18,"column":null}},"12":{"start":{"line":18,"column":51},"end":{"line":18,"column":null}},"13":{"start":{"line":19,"column":4},"end":{"line":19,"column":null}},"14":{"start":{"line":20,"column":4},"end":{"line":20,"column":null}},"15":{"start":{"line":23,"column":2},"end":{"line":23,"column":null}},"16":{"start":{"line":26,"column":33},"end":{"line":27,"column":null}}},"fnMap":{"0":{"name":"generateRestaurantCode","decl":{"start":{"line":3,"column":22},"end":{"line":3,"column":45}},"loc":{"start":{"line":3,"column":84},"end":{"line":23,"column":null}},"line":3},"1":{"name":"generateCode","decl":{"start":{"line":5,"column":11},"end":{"line":5,"column":34}},"loc":{"start":{"line":5,"column":34},"end":{"line":11,"column":null}},"line":5}},"branchMap":{"0":{"loc":{"start":{"line":18,"column":4},"end":{"line":18,"column":null}},"type":"if","locations":[{"start":{"line":18,"column":4},"end":{"line":18,"column":null}},{"start":{},"end":{}}],"line":18},"1":{"loc":{"start":{"line":18,"column":8},"end":{"line":18,"column":51}},"type":"binary-expr","locations":[{"start":{"line":18,"column":8},"end":{"line":18,"column":21}},{"start":{"line":18,"column":21},"end":{"line":18,"column":51}}],"line":18}},"s":{"0":4,"1":5,"2":5,"3":5,"4":5,"5":30,"6":5,"7":4,"8":4,"9":4,"10":5,"11":5,"12":4,"13":1,"14":1,"15":4,"16":1},"f":{"0":4,"1":5},"b":{"0":[4,1],"1":[5,2]},"meta":{"lastBranch":2,"lastFunction":2,"lastStatement":17,"seen":{"f:3:22:3:45":0,"s:4:16:4:Infinity":0,"f:5:11:5:34":1,"s:6:18:6:59":1,"s:7:15:7:Infinity":2,"s:8:4:9:Infinity":3,"s:8:17:8:20":4,"s:9:6:9:Infinity":5,"s:11:4:11:Infinity":6,"s:14:13:14:27":7,"s:15:17:15:Infinity":8,"s:16:2:20:Infinity":9,"s:17:21:17:64":10,"b:18:4:18:Infinity:undefined:undefined:undefined:undefined":0,"s:18:4:18:Infinity":11,"b:18:8:18:21:18:21:18:51":1,"s:18:51:18:Infinity":12,"s:19:4:19:Infinity":13,"s:20:4:20:Infinity":14,"s:23:2:23:Infinity":15,"s:26:33:27:Infinity":16}}}
,"/Users/anikets/go-p/fe_learning/tabletalk-api/src/services/staff.service.ts": {"path":"/Users/anikets/go-p/fe_learning/tabletalk-api/src/services/staff.service.ts","statementMap":{"0":{"start":{"line":5,"column":2},"end":{"line":6,"column":null}},"1":{"start":{"line":6,"column":4},"end":{"line":6,"column":null}},"2":{"start":{"line":8,"column":2},"end":{"line":8,"column":null}},"3":{"start":{"line":16,"column":20},"end":{"line":18,"column":55}},"4":{"start":{"line":20,"column":2},"end":{"line":22,"column":null}},"5":{"start":{"line":21,"column":4},"end":{"line":22,"column":null}},"6":{"start":{"line":22,"column":6},"end":{"line":22,"column":null}},"7":{"start":{"line":25,"column":2},"end":{"line":25,"column":null}},"8":{"start":{"line":29,"column":2},"end":{"line":29,"column":null}},"9":{"start":{"line":33,"column":20},"end":{"line":33,"column":76}},"10":{"start":{"line":34,"column":16},"end":{"line":34,"column":null}},"11":{"start":{"line":35,"column":2},"end":{"line":37,"column":null}},"12":{"start":{"line":36,"column":18},"end":{"line":36,"column":52}},"13":{"start":{"line":37,"column":4},"end":{"line":37,"column":null}},"14":{"start":{"line":37,"column":15},"end":{"line":37,"column":null}},"15":{"start":{"line":39,"column":2},"end":{"line":39,"column":null}},"16":{"start":{"line":46,"column":19},"end":{"line":46,"column":68}},"17":{"start":{"line":47,"column":2},"end":{"line":49,"column":null}},"18":{"start":{"line":48,"column":4},"end":{"line":49,"column":null}},"19":{"start":{"line":49,"column":6},"end":{"line":49,"column":null}},"20":{"start":{"line":52,"column":2},"end":{"line":52,"column":null}},"21":{"start":{"line":55,"column":28},"end":{"line":61,"column":null}}},"fnMap":{"0":{"name":"validatePin","decl":{"start":{"line":4,"column":16},"end":{"line":4,"column":28}},"loc":{"start":{"line":4,"column":56},"end":{"line":8,"column":null}},"line":4},"1":{"name":"checkPinUniqueness","decl":{"start":{"line":11,"column":22},"end":{"line":11,"column":null}},"loc":{"start":{"line":15,"column":20},"end":{"line":25,"column":null}},"line":15},"2":{"name":"hashPin","decl":{"start":{"line":28,"column":22},"end":{"line":28,"column":30}},"loc":{"start":{"line":28,"column":60},"end":{"line":29,"column":null}},"line":28},"3":{"name":"generateEmployeeId","decl":{"start":{"line":32,"column":22},"end":{"line":32,"column":41}},"loc":{"start":{"line":32,"column":80},"end":{"line":39,"column":null}},"line":32},"4":{"name":"findStaffByPin","decl":{"start":{"line":42,"column":22},"end":{"line":42,"column":null}},"loc":{"start":{"line":45,"column":72},"end":{"line":52,"column":null}},"line":45}},"branchMap":{"0":{"loc":{"start":{"line":5,"column":2},"end":{"line":6,"column":null}},"type":"if","locations":[{"start":{"line":5,"column":2},"end":{"line":6,"column":null}},{"start":{},"end":{}}],"line":5},"1":{"loc":{"start":{"line":16,"column":20},"end":{"line":18,"column":55}},"type":"cond-expr","locations":[{"start":{"line":17,"column":6},"end":{"line":17,"column":77}},{"start":{"line":18,"column":6},"end":{"line":18,"column":55}}],"line":16},"2":{"loc":{"start":{"line":21,"column":4},"end":{"line":22,"column":null}},"type":"if","locations":[{"start":{"line":21,"column":4},"end":{"line":22,"column":null}},{"start":{},"end":{}}],"line":21},"3":{"loc":{"start":{"line":35,"column":2},"end":{"line":37,"column":null}},"type":"if","locations":[{"start":{"line":35,"column":2},"end":{"line":37,"column":null}},{"start":{},"end":{}}],"line":35},"4":{"loc":{"start":{"line":37,"column":4},"end":{"line":37,"column":null}},"type":"if","locations":[{"start":{"line":37,"column":4},"end":{"line":37,"column":null}},{"start":{},"end":{}}],"line":37},"5":{"loc":{"start":{"line":48,"column":4},"end":{"line":49,"column":null}},"type":"if","locations":[{"start":{"line":48,"column":4},"end":{"line":49,"column":null}},{"start":{},"end":{}}],"line":48}},"s":{"0":8,"1":5,"2":3,"3":4,"4":3,"5":2,"6":1,"7":3,"8":1,"9":3,"10":3,"11":3,"12":2,"13":2,"14":2,"15":3,"16":4,"17":4,"18":4,"19":2,"20":2,"21":1},"f":{"0":8,"1":4,"2":1,"3":3,"4":4},"b":{"0":[5,3],"1":[1,3],"2":[1,1],"3":[2,1],"4":[2,0],"5":[2,2]},"meta":{"lastBranch":6,"lastFunction":5,"lastStatement":22,"seen":{"f:4:16:4:28":0,"b:5:2:6:Infinity:undefined:undefined:undefined:undefined":0,"s:5:2:6:Infinity":0,"s:6:4:6:Infinity":1,"s:8:2:8:Infinity":2,"f:11:22:11:Infinity":1,"s:16:20:18:55":3,"b:17:6:17:77:18:6:18:55":1,"s:20:2:22:Infinity":4,"b:21:4:22:Infinity:undefined:undefined:undefined:undefined":2,"s:21:4:22:Infinity":5,"s:22:6:22:Infinity":6,"s:25:2:25:Infinity":7,"f:28:22:28:30":2,"s:29:2:29:Infinity":8,"f:32:22:32:41":3,"s:33:20:33:76":9,"s:34:16:34:Infinity":10,"b:35:2:37:Infinity:undefined:undefined:undefined:undefined":3,"s:35:2:37:Infinity":11,"s:36:18:36:52":12,"b:37:4:37:Infinity:undefined:undefined:undefined:undefined":4,"s:37:4:37:Infinity":13,"s:37:15:37:Infinity":14,"s:39:2:39:Infinity":15,"f:42:22:42:Infinity":4,"s:46:19:46:68":16,"s:47:2:49:Infinity":17,"b:48:4:49:Infinity:undefined:undefined:undefined:undefined":5,"s:48:4:49:Infinity":18,"s:49:6:49:Infinity":19,"s:52:2:52:Infinity":20,"s:55:28:61:Infinity":21}}}
,"/Users/anikets/go-p/fe_learning/tabletalk-api/src/services/user.service.ts": {"path":"/Users/anikets/go-p/fe_learning/tabletalk-api/src/services/user.service.ts","statementMap":{"0":{"start":{"line":4,"column":22},"end":{"line":7,"column":4}},"1":{"start":{"line":8,"column":24},"end":{"line":8,"column":68}},"2":{"start":{"line":8,"column":63},"end":{"line":8,"column":68}},"3":{"start":{"line":10,"column":2},"end":{"line":84,"column":null}},"4":{"start":{"line":11,"column":4},"end":{"line":77,"column":null}},"5":{"start":{"line":12,"column":12},"end":{"line":17,"column":40}},"6":{"start":{"line":17,"column":35},"end":{"line":17,"column":40}},"7":{"start":{"line":19,"column":6},"end":{"line":23,"column":null}},"8":{"start":{"line":20,"column":8},"end":{"line":23,"column":null}},"9":{"start":{"line":26,"column":6},"end":{"line":29,"column":null}},"10":{"start":{"line":31,"column":12},"end":{"line":36,"column":40}},"11":{"start":{"line":36,"column":35},"end":{"line":36,"column":40}},"12":{"start":{"line":38,"column":6},"end":{"line":42,"column":null}},"13":{"start":{"line":39,"column":8},"end":{"line":42,"column":null}},"14":{"start":{"line":45,"column":6},"end":{"line":48,"column":null}},"15":{"start":{"line":50,"column":12},"end":{"line":55,"column":44}},"16":{"start":{"line":55,"column":37},"end":{"line":55,"column":44}},"17":{"start":{"line":57,"column":6},"end":{"line":61,"column":null}},"18":{"start":{"line":58,"column":8},"end":{"line":61,"column":null}},"19":{"start":{"line":64,"column":6},"end":{"line":67,"column":null}},"20":{"start":{"line":69,"column":6},"end":{"line":72,"column":null}},"21":{"start":{"line":74,"column":6},"end":{"line":77,"column":null}},"22":{"start":{"line":80,"column":4},"end":{"line":83,"column":null}},"23":{"start":{"line":87,"column":27},"end":{"line":88,"column":null}}},"fnMap":{"0":{"name":"cascadeDelete","decl":{"start":{"line":3,"column":22},"end":{"line":3,"column":36}},"loc":{"start":{"line":3,"column":52},"end":{"line":84,"column":null}},"line":3},"1":{"name":"(anonymous_1)","decl":{"start":{"line":8,"column":36},"end":{"line":8,"column":41}},"loc":{"start":{"line":8,"column":63},"end":{"line":8,"column":68}},"line":8},"2":{"name":"(anonymous_2)","decl":{"start":{"line":10,"column":28},"end":{"line":10,"column":35}},"loc":{"start":{"line":10,"column":42},"end":{"line":84,"column":null}},"line":10},"3":{"name":"(anonymous_3)","decl":{"start":{"line":17,"column":8},"end":{"line":17,"column":13}},"loc":{"start":{"line":17,"column":35},"end":{"line":17,"column":40}},"line":17},"4":{"name":"(anonymous_4)","decl":{"start":{"line":36,"column":8},"end":{"line":36,"column":13}},"loc":{"start":{"line":36,"column":35},"end":{"line":36,"column":40}},"line":36},"5":{"name":"(anonymous_5)","decl":{"start":{"line":55,"column":8},"end":{"line":55,"column":13}},"loc":{"start":{"line":55,"column":37},"end":{"line":55,"column":44}},"line":55}},"branchMap":{"0":{"loc":{"start":{"line":11,"column":4},"end":{"line":77,"column":null}},"type":"if","locations":[{"start":{"line":11,"column":4},"end":{"line":77,"column":null}},{"start":{},"end":{}}],"line":11},"1":{"loc":{"start":{"line":19,"column":6},"end":{"line":23,"column":null}},"type":"if","locations":[{"start":{"line":19,"column":6},"end":{"line":23,"column":null}},{"start":{},"end":{}}],"line":19},"2":{"loc":{"start":{"line":38,"column":6},"end":{"line":42,"column":null}},"type":"if","locations":[{"start":{"line":38,"column":6},"end":{"line":42,"column":null}},{"start":{},"end":{}}],"line":38},"3":{"loc":{"start":{"line":57,"column":6},"end":{"line":61,"column":null}},"type":"if","locations":[{"start":{"line":57,"column":6},"end":{"line":61,"column":null}},{"start":{},"end":{}}],"line":57}},"s":{"0":3,"1":3,"2":2,"3":3,"4":3,"5":2,"6":2,"7":2,"8":1,"9":2,"10":2,"11":1,"12":2,"13":1,"14":2,"15":2,"16":1,"17":2,"18":1,"19":2,"20":2,"21":2,"22":3,"23":1},"f":{"0":3,"1":2,"2":3,"3":2,"4":1,"5":1},"b":{"0":[2,1],"1":[1,1],"2":[1,1],"3":[1,1]},"meta":{"lastBranch":4,"lastFunction":6,"lastStatement":24,"seen":{"f:3:22:3:36":0,"s:4:22:7:4":0,"s:8:24:8:68":1,"f:8:36:8:41":1,"s:8:63:8:68":2,"s:10:2:84:Infinity":3,"f:10:28:10:35":2,"b:11:4:77:Infinity:undefined:undefined:undefined:undefined":0,"s:11:4:77:Infinity":4,"s:12:12:17:40":5,"f:17:8:17:13":3,"s:17:35:17:40":6,"b:19:6:23:Infinity:undefined:undefined:undefined:undefined":1,"s:19:6:23:Infinity":7,"s:20:8:23:Infinity":8,"s:26:6:29:Infinity":9,"s:31:12:36:40":10,"f:36:8:36:13":4,"s:36:35:36:40":11,"b:38:6:42:Infinity:undefined:undefined:undefined:undefined":2,"s:38:6:42:Infinity":12,"s:39:8:42:Infinity":13,"s:45:6:48:Infinity":14,"s:50:12:55:44":15,"f:55:8:55:13":5,"s:55:37:55:44":16,"b:57:6:61:Infinity:undefined:undefined:undefined:undefined":3,"s:57:6:61:Infinity":17,"s:58:8:61:Infinity":18,"s:64:6:67:Infinity":19,"s:69:6:72:Infinity":20,"s:74:6:77:Infinity":21,"s:80:4:83:Infinity":22,"s:87:27:88:Infinity":23}}}
}
